[15:19:53] [main/INFO]: Environment: authHost='https://authserver.mojang.com', accountsHost='https://api.mojang.com', sessionHost='https://sessionserver.mojang.com', servicesHost='https://api.minecraftservices.com', name='PROD'
[15:19:53] [main/INFO]: Reloading ResourceManager: Default, bukkit
[15:19:54] [Worker-Main-1/INFO]: Loaded 7 recipes
[15:19:56] [Server thread/INFO]: Starting minecraft server version 1.17.1
[15:19:56] [Server thread/INFO]: Loading properties
[15:19:56] [Server thread/INFO]: This server is running Purpur version git-Purpur-1428 (MC: 1.17.1) (Implementing API version 1.17.1-R0.1-SNAPSHOT) (Git: 9beb23b on ver/1.17.1)
[15:19:56] [Server thread/INFO]: Server Ping Player Sample Count: 12
[15:19:56] [Server thread/INFO]: Using 4 threads for Netty based IO
[15:19:56] [Server thread/INFO]: Default game type: SURVIVAL
[15:19:56] [Server thread/INFO]: Generating keypair
[15:19:56] [Server thread/INFO]: Starting Minecraft server on *:25566
[15:19:56] [Server thread/INFO]: Using epoll channel type
[15:19:56] [Server thread/INFO]: Paper: Using libdeflate (Linux x86_64) compression from Velocity.
[15:19:56] [Server thread/INFO]: Paper: Using OpenSSL 1.1.x (Linux x86_64) cipher from Velocity.
[15:19:57] [Server thread/INFO]: [WorldEdit] Loading WorldEdit v7.2.20+6667-f0f1e66
[15:19:58] [Server thread/INFO]: Got request to register class com.sk89q.worldedit.bukkit.BukkitServerInterface with WorldEdit [com.sk89q.worldedit.extension.platform.PlatformManager@5fe62abe]
[15:19:58] [Server thread/INFO]: [ViaVersion] Loading ViaVersion v4.9.3
[15:19:58] [Server thread/INFO]: [ViaVersion] ViaVersion 4.9.3 is now loaded. Registering protocol transformers and injecting...
[15:19:58] [Via-Mappingloader-0/INFO]: [ViaVersion] Loading block connection mappings ...
[15:19:59] [Server thread/INFO]: [ViaBackwards] Loading translations...
[15:19:59] [Server thread/INFO]: [ViaBackwards] Registering protocols...
[15:19:59] [Via-Mappingloader-0/INFO]: [ViaVersion] Using FastUtil Long2ObjectOpenHashMap for block connections
[15:19:59] [Server thread/INFO]: [ViaBackwards] Loading ViaBackwards v4.9.2
[15:19:59] [Server thread/INFO]: [Multiverse-Core] Loading Multiverse-Core v4.3.14
[15:19:59] [Server thread/INFO]: [ViaRewind] Loading ViaRewind v3.0.6
[15:19:59] [Server thread/INFO]: [ViaRewind-Legacy-Support] Loading ViaRewind-Legacy-Support v1.4.2
[15:19:59] [Server thread/INFO]: [Multiverse-Portals] Loading Multiverse-Portals v4.2.3
[15:19:59] [Server thread/INFO]: [Multiverse-Inventories] Loading Multiverse-Inventories v4.2.6
[15:19:59] [Server thread/INFO]: Server permissions file permissions.yml is empty, ignoring it
[15:19:59] [Server thread/INFO]: [WorldEdit] Enabling WorldEdit v7.2.20+6667-f0f1e66
[15:19:59] [Server thread/INFO]: Registering commands with com.sk89q.worldedit.bukkit.BukkitServerInterface
[15:19:59] [Server thread/INFO]: WEPIF: Using the Bukkit Permissions API.
[15:19:59] [Server thread/INFO]: Using com.sk89q.worldedit.bukkit.adapter.impl.v1_17_R1_2.PaperweightAdapter as the Bukkit adapter
[15:20:01] [Server thread/INFO]: [ViaRewind] Enabling ViaRewind v3.0.6
[15:20:01] [Server thread/WARN]: **** SERVER IS RUNNING IN OFFLINE/INSECURE MODE!
[15:20:01] [Server thread/WARN]: The server will make no attempt to authenticate usernames. Beware.
[15:20:01] [Server thread/WARN]: Whilst this makes it possible to use BungeeCord or Velocity, unless access to your server is properly restricted, it also opens up the ability for hackers to connect with any username they choose.
[15:20:01] [Server thread/WARN]: Please see http://www.spigotmc.org/wiki/firewall-guide/ for further information.
[15:20:01] [Server thread/WARN]: To change this, set "online-mode" to "true" in the server.properties file.
[15:20:01] [Server thread/INFO]: Preparing level "world"
[15:20:02] [Server thread/INFO]: Preparing start region for dimension minecraft:overworld
[15:20:02] [Server thread/INFO]: Time elapsed: 395 ms
[15:20:02] [Server thread/INFO]: Preparing start region for dimension minecraft:the_nether
[15:20:03] [Server thread/INFO]: Time elapsed: 287 ms
[15:20:03] [Server thread/INFO]: Preparing start region for dimension minecraft:the_end
[15:20:03] [Server thread/INFO]: Time elapsed: 376 ms
[15:20:03] [Server thread/INFO]: [ViaVersion] Enabling ViaVersion v4.9.3
[15:20:03] [Server thread/INFO]: [ViaVersion] ViaVersion detected server version: 1.17.1 (756)
[15:20:03] [Server thread/INFO]: [ViaBackwards] Enabling ViaBackwards v4.9.2
[15:20:03] [Server thread/INFO]: [Multiverse-Core] Enabling Multiverse-Core v4.3.14
[15:20:03] [Server thread/WARN]: [Multiverse-Core] "Multiverse-Core v4.3.14" has registered a listener for org.bukkit.event.entity.EntityCreatePortalEvent on method "public void com.onarandombox.MultiverseCore.listeners.MVPortalListener.entityPortalCreate(org.bukkit.event.entity.EntityCreatePortalEvent)", but the event is Deprecated. "Server performance will be affected"; please notify the authors [dumptruckman, Rigby, fernferret, lithium3141, main--].
[15:20:03] [Server thread/INFO]: [Multiverse-Core] We are aware of the warning about the deprecated event. There is no alternative that allows us to do what we need to do and performance impact is negligible. It is safe to ignore.
[15:20:04] [Server thread/INFO]: Preparing start region for dimension minecraft:sig
[15:20:04] [Server thread/INFO]: Preparing spawn area: 0%
[15:20:04] [Server thread/INFO]: Preparing spawn area: 0%
[15:20:05] [Server thread/INFO]: Preparing spawn area: 0%
[15:20:05] [Server thread/INFO]: Time elapsed: 1236 ms
[15:20:05] [Server thread/INFO]: Preparing start region for dimension minecraft:skybattle
[15:20:06] [Server thread/INFO]: Preparing spawn area: 0%
[15:20:06] [Server thread/INFO]: Time elapsed: 347 ms
[15:20:08] [Server thread/INFO]: Preparing start region for dimension minecraft:sigm
[15:20:09] [Server thread/INFO]: Preparing spawn area: 0%
[15:20:09] [Server thread/INFO]: Time elapsed: 277 ms
[15:20:09] [Server thread/INFO]: [Multiverse-Core] 6 - World(s) loaded.
[15:20:09] [Server thread/WARN]: [Multiverse-Core] Buscript failed to load! The script command will be disabled! If you would like not to see this message, use `/mv conf enablebuscript false` to disable Buscript from loading.
[15:20:09] [Server thread/INFO]: [Multiverse-Core] Version 4.3.14 (API v24) Enabled - By dumptruckman, Rigby, fernferret, lithium3141 and main--
[15:20:09] [Server thread/INFO]: [ViaRewind-Legacy-Support] Enabling ViaRewind-Legacy-Support v1.4.2
[15:20:09] [Server thread/INFO]: [Multiverse-Portals] Enabling Multiverse-Portals v4.2.3
[15:20:09] [Server thread/INFO]: [Multiverse-Portals] 0 - Portals(s) loaded
[15:20:09] [Server thread/INFO]: [Multiverse-Portals] Found WorldEdit. Using it for selections.
[15:20:09] [Server thread/INFO]: [Multiverse-Portals 4.2.3]  Enabled - By Rigby and fernferret
[15:20:09] [Server thread/INFO]: [Multiverse-Inventories] Enabling Multiverse-Inventories v4.2.6
[15:20:09] [Server thread/INFO]: [Multiverse-Inventories 4.2.6] enabled.
[15:20:09] [Server thread/INFO]: Running delayed init tasks
[15:20:09] [Craft Scheduler Thread - 2 - ViaVersion/INFO]: [ViaVersion] Finished mapping loading, shutting down loader executor!
[15:20:09] [Server thread/INFO]: [Multiverse-Inventories] First run!
[15:20:09] [Server thread/INFO]: Done (13.586s)! For help, type "help"
[15:20:09] [Server thread/INFO]: Timings Reset
[15:20:10] [Server thread/WARN]: [ViaVersion] There is a newer plugin version available: 5.2.1, you're on: 4.9.3
[15:20:17] [User Authenticator #1/INFO]: UUID of player Pingdaking8 is ad21c3ff-4dd4-3157-a1f3-59e6631de973
[15:20:17] [Server thread/INFO]: Pingdaking8 joined the game
[15:20:17] [Server thread/INFO]: Pingdaking8[/[0:0:0:0:0:0:0:1]:55456] logged in with entity id 300 at ([sigm]108.4922975044382, 20.508945148768653, -126.02137397379133)
[15:20:17] [User Authenticator #1/INFO]: UUID of player iglentoften is 1f39864e-1ba8-32ee-b3a0-299113502435
[15:20:17] [Server thread/INFO]: iglentoften joined the game
[15:20:18] [Server thread/INFO]: iglentoften[/[0:0:0:0:0:0:0:1]:35474] logged in with entity id 303 at ([sigm]144.17442578902285, 10.0, -113.1633895468283)
[15:20:18] [Netty Epoll Server IO #1/WARN]: [ViaBackwards] Ignoring plugin channel in incoming REGISTER: EAG|UpdateCert-1.8
[15:20:18] [Netty Epoll Server IO #2/WARN]: [ViaBackwards] Ignoring plugin channel in incoming REGISTER: EAG|UpdateCert-1.8
[15:20:18] [Netty Epoll Server IO #2/WARN]: [ViaBackwards] Ignoring plugin channel in incoming REGISTER: FML
[15:20:18] [Netty Epoll Server IO #2/WARN]: [ViaBackwards] Ignoring plugin channel in incoming REGISTER: EAG|Skins-1.8
[15:20:18] [Netty Epoll Server IO #1/WARN]: [ViaBackwards] Ignoring plugin channel in incoming REGISTER: FML
[15:20:18] [Netty Epoll Server IO #1/WARN]: [ViaBackwards] Ignoring plugin channel in incoming REGISTER: EAG|Skins-1.8
[15:20:18] [Netty Epoll Server IO #1/WARN]: [ViaBackwards] Ignoring plugin channel in incoming REGISTER: FORGE
[15:20:18] [Netty Epoll Server IO #2/WARN]: [ViaBackwards] Ignoring plugin channel in incoming REGISTER: FORGE
[15:20:22] [Server thread/INFO]: iglentoften issued server command: /gamemode creative
[15:20:22] [Server thread/INFO]: [iglentoften: Set own game mode to Creative Mode]
[15:20:24] [Server thread/INFO]: Pingdaking8 issued server command: /gamemode creative
[15:20:24] [Server thread/INFO]: [Pingdaking8: Set own game mode to Creative Mode]
[15:20:28] [Server thread/ERROR]: No TreeType mapping for TreeGenerator.TreeType.MANGROVE
[15:20:28] [Server thread/ERROR]: No TreeType mapping for TreeGenerator.TreeType.TALL_MANGROVE
[15:20:28] [Server thread/ERROR]: No TreeType mapping for TreeGenerator.TreeType.CHERRY
[15:22:17] [Server thread/INFO]: Pingdaking8 lost connection: Disconnected
[15:22:17] [Server thread/INFO]: Pingdaking8 left the game
[15:22:17] [Server thread/INFO]: iglentoften lost connection: Disconnected
[15:22:17] [Server thread/INFO]: iglentoften left the game
[15:22:58] [Server thread/INFO]: Stopping the server
[15:22:59] [Server thread/INFO]: Stopping server
[15:22:59] [Server thread/INFO]: [Multiverse-Inventories] Disabling Multiverse-Inventories v4.2.6
[15:22:59] [Server thread/INFO]: [Multiverse-Portals] Disabling Multiverse-Portals v4.2.3
[15:22:59] [Server thread/INFO]: [ViaRewind-Legacy-Support] Disabling ViaRewind-Legacy-Support v1.4.2
[15:22:59] [Server thread/INFO]: [ViaRewind] Disabling ViaRewind v3.0.6
[15:22:59] [Server thread/INFO]: [Multiverse-Core] Disabling Multiverse-Core v4.3.14
[15:22:59] [Server thread/INFO]: [ViaBackwards] Disabling ViaBackwards v4.9.2
[15:22:59] [Server thread/INFO]: [ViaVersion] Disabling ViaVersion v4.9.3
[15:22:59] [Server thread/INFO]: [ViaVersion] ViaVersion is disabling, if this is a reload and you experience issues consider rebooting.
[15:22:59] [Server thread/INFO]: [WorldEdit] Disabling WorldEdit v7.2.20+6667-f0f1e66
[15:22:59] [Server thread/INFO]: Unregistering com.sk89q.worldedit.bukkit.BukkitServerInterface from WorldEdit
[15:22:59] [Server thread/INFO]: Saving players
[15:22:59] [Server thread/INFO]: Saving worlds
[15:22:59] [Server thread/INFO]: Saving chunks for level 'ServerLevel[world]'/minecraft:overworld
[15:22:59] [Server thread/INFO]: Saving chunks for level 'ServerLevel[world_nether]'/minecraft:the_nether
[15:23:00] [Server thread/INFO]: Saving chunks for level 'ServerLevel[world_the_end]'/minecraft:the_end
[15:23:00] [Server thread/INFO]: Saving chunks for level 'ServerLevel[sig]'/minecraft:sig
[15:23:01] [Server thread/INFO]: Saving chunks for level 'ServerLevel[Skybattle]'/minecraft:skybattle
[15:23:01] [Server thread/INFO]: Saving chunks for level 'ServerLevel[sigm]'/minecraft:sigm
[15:23:01] [Server thread/INFO]: ThreadedAnvilChunkStorage (world): All chunks are saved
[15:23:01] [Server thread/INFO]: ThreadedAnvilChunkStorage (DIM-1): All chunks are saved
[15:23:01] [Server thread/INFO]: ThreadedAnvilChunkStorage (DIM1): All chunks are saved
[15:23:01] [Server thread/INFO]: ThreadedAnvilChunkStorage (sig): All chunks are saved
[15:23:01] [Server thread/INFO]: ThreadedAnvilChunkStorage (Skybattle): All chunks are saved
[15:23:01] [Server thread/INFO]: ThreadedAnvilChunkStorage (sigm): All chunks are saved
[15:23:01] [Server thread/INFO]: ThreadedAnvilChunkStorage: All dimensions are saved
[15:23:02] [Server thread/INFO]: Flushing Chunk IO
[15:23:02] [Server thread/INFO]: Closing Thread Pool
