[22:28:18] [main/INFO]: Environment: authHost='https://authserver.mojang.com', accountsHost='https://api.mojang.com', sessionHost='https://sessionserver.mojang.com', servicesHost='https://api.minecraftservices.com', name='PROD'
[22:28:18] [main/INFO]: Reloading ResourceManager: Default, bukkit
[22:28:19] [Worker-Main-1/INFO]: Loaded 7 recipes
[22:28:20] [Server thread/INFO]: Starting minecraft server version 1.17.1
[22:28:20] [Server thread/INFO]: Loading properties
[22:28:20] [Server thread/INFO]: This server is running Purpur version git-Purpur-1428 (MC: 1.17.1) (Implementing API version 1.17.1-R0.1-SNAPSHOT) (Git: 9beb23b on ver/1.17.1)
[22:28:20] [Server thread/INFO]: Server Ping Player Sample Count: 12
[22:28:20] [Server thread/INFO]: Using 4 threads for Netty based IO
[22:28:20] [Server thread/INFO]: Default game type: SURVIVAL
[22:28:20] [Server thread/INFO]: Generating keypair
[22:28:20] [Server thread/INFO]: Starting Minecraft server on *:25569
[22:28:20] [Server thread/INFO]: Using epoll channel type
[22:28:21] [Server thread/INFO]: Paper: Using libdeflate (Linux x86_64) compression from Velocity.
[22:28:21] [Server thread/INFO]: Paper: Using OpenSSL 1.1.x (Linux x86_64) cipher from Velocity.
[22:28:21] [Server thread/INFO]: [ViaVersion] Loading ViaVersion v4.9.3
[22:28:21] [Server thread/INFO]: [ViaVersion] ViaVersion 4.9.3 is now loaded. Registering protocol transformers and injecting...
[22:28:21] [Via-Mappingloader-0/INFO]: [ViaVersion] Loading block connection mappings ...
[22:28:21] [Server thread/INFO]: [ViaBackwards] Loading translations...
[22:28:21] [Server thread/INFO]: [ViaBackwards] Registering protocols...
[22:28:22] [Via-Mappingloader-0/INFO]: [ViaVersion] Using FastUtil Long2ObjectOpenHashMap for block connections
[22:28:22] [Server thread/INFO]: [ViaBackwards] Loading ViaBackwards v4.9.2
[22:28:22] [Server thread/INFO]: [ViaRewind] Loading ViaRewind v3.0.6
[22:28:22] [Server thread/INFO]: [ViaRewind-Legacy-Support] Loading ViaRewind-Legacy-Support v1.4.2
[22:28:22] [Server thread/INFO]: Server permissions file permissions.yml is empty, ignoring it
[22:28:22] [Server thread/INFO]: [ViaRewind] Enabling ViaRewind v3.0.6
[22:28:22] [Server thread/WARN]: **** SERVER IS RUNNING IN OFFLINE/INSECURE MODE!
[22:28:22] [Server thread/WARN]: The server will make no attempt to authenticate usernames. Beware.
[22:28:22] [Server thread/WARN]: Whilst this makes it possible to use BungeeCord or Velocity, unless access to your server is properly restricted, it also opens up the ability for hackers to connect with any username they choose.
[22:28:22] [Server thread/WARN]: Please see http://www.spigotmc.org/wiki/firewall-guide/ for further information.
[22:28:22] [Server thread/WARN]: To change this, set "online-mode" to "true" in the server.properties file.
[22:28:22] [Server thread/INFO]: Preparing level "world"
[22:28:23] [Server thread/INFO]: Preparing start region for dimension minecraft:overworld
[22:28:23] [Server thread/INFO]: Time elapsed: 482 ms
[22:28:23] [Server thread/INFO]: Preparing start region for dimension minecraft:the_nether
[22:28:24] [Server thread/INFO]: Time elapsed: 352 ms
[22:28:24] [Server thread/INFO]: Preparing start region for dimension minecraft:the_end
[22:28:24] [Server thread/INFO]: Time elapsed: 355 ms
[22:28:24] [Server thread/INFO]: [ViaVersion] Enabling ViaVersion v4.9.3
[22:28:25] [Server thread/INFO]: [ViaVersion] ViaVersion detected server version: 1.17.1 (756)
[22:28:25] [Server thread/INFO]: [ViaBackwards] Enabling ViaBackwards v4.9.2
[22:28:25] [Server thread/INFO]: [ViaRewind-Legacy-Support] Enabling ViaRewind-Legacy-Support v1.4.2
[22:28:25] [Server thread/INFO]: Running delayed init tasks
[22:28:25] [Craft Scheduler Thread - 2 - ViaVersion/INFO]: [ViaVersion] Finished mapping loading, shutting down loader executor!
[22:28:25] [Server thread/INFO]: Done (5.193s)! For help, type "help"
[22:28:25] [Server thread/INFO]: Timings Reset
[22:28:27] [Server thread/WARN]: [ViaVersion] There is a newer plugin version available: 5.2.1, you're on: 4.9.3
[22:28:42] [User Authenticator #1/INFO]: UUID of player ysyyayyyayya is 6cd4e570-7a49-3521-8e89-4b4b5c6269c5
[22:28:42] [Server thread/INFO]: ysyyayyyayya joined the game
[22:28:42] [Server thread/INFO]: ysyyayyyayya[/[0:0:0:0:0:0:0:1]:50176] logged in with entity id 37 at ([world]1600.5, 100.0, 2000.5)
[22:28:42] [Netty Epoll Server IO #1/WARN]: [ViaBackwards] Ignoring plugin channel in incoming REGISTER: EAG|UpdateCert-1.8
[22:28:42] [Netty Epoll Server IO #1/WARN]: [ViaBackwards] Ignoring plugin channel in incoming REGISTER: FML
[22:28:42] [Netty Epoll Server IO #1/WARN]: [ViaBackwards] Ignoring plugin channel in incoming REGISTER: EAG|Skins-1.8
[22:28:42] [Netty Epoll Server IO #1/WARN]: [ViaBackwards] Ignoring plugin channel in incoming REGISTER: FORGE
[22:28:43] [Server thread/WARN]: Skipping BlockEntity with id pixelmon:pixelmon_spawner
[22:28:43] [Server thread/WARN]: Tried to load a block entity for block Block{minecraft:air} but failed at location BlockPosition{x=1428, y=59, z=1947}
[22:28:47] [Server thread/WARN]: Skipping BlockEntity with id pixelmon:pixelmon_spawner
[22:28:47] [Server thread/WARN]: Tried to load a block entity for block Block{minecraft:air} but failed at location BlockPosition{x=1414, y=78, z=1920}
[22:29:07] [Server thread/INFO]: ysyyayyyayya issued server command: /tp 3000 100 1000
[22:29:07] [Server thread/INFO]: [ysyyayyyayya: Teleported ysyyayyyayya to 3000.500000, 100.000000, 1000.500000]
[22:29:12] [Server thread/WARN]: Skipping BlockEntity with id pixelmon:berry_tree
[22:29:12] [Server thread/WARN]: Tried to load a block entity for block Block{minecraft:air} but failed at location BlockPosition{x=2885, y=72, z=997}
[22:29:12] [Server thread/WARN]: Skipping BlockEntity with id pixelmon:berry_tree
[22:29:12] [Server thread/WARN]: Tried to load a block entity for block Block{minecraft:air} but failed at location BlockPosition{x=2903, y=76, z=1010}
[22:29:12] [Server thread/WARN]: Skipping BlockEntity with id pixelmon:apricorn_tree
[22:29:12] [Server thread/WARN]: Tried to load a block entity for block Block{minecraft:air} but failed at location BlockPosition{x=2890, y=88, z=1019}
[22:29:12] [Server thread/WARN]: Skipping BlockEntity with id pixelmon:berry_tree
[22:29:12] [Server thread/WARN]: Tried to load a block entity for block Block{minecraft:air} but failed at location BlockPosition{x=2944, y=71, z=924}
[22:29:13] [Server thread/WARN]: Skipping BlockEntity with id pixelmon:berry_tree
[22:29:13] [Server thread/WARN]: Tried to load a block entity for block Block{minecraft:air} but failed at location BlockPosition{x=2866, y=82, z=977}
[22:29:13] [Server thread/WARN]: Skipping BlockEntity with id pixelmon:berry_tree
[22:29:13] [Server thread/WARN]: Tried to load a block entity for block Block{minecraft:air} but failed at location BlockPosition{x=2885, y=68, z=1036}
[22:29:13] [Server thread/WARN]: Skipping BlockEntity with id pixelmon:berry_tree
[22:29:13] [Server thread/WARN]: Tried to load a block entity for block Block{minecraft:air} but failed at location BlockPosition{x=2929, y=74, z=918}
[22:29:13] [Server thread/WARN]: Skipping BlockEntity with id pixelmon:berry_tree
[22:29:13] [Server thread/WARN]: Tried to load a block entity for block Block{minecraft:air} but failed at location BlockPosition{x=2869, y=79, z=968}
[22:29:13] [Server thread/WARN]: Skipping BlockEntity with id pixelmon:berry_tree
[22:29:13] [Server thread/WARN]: Tried to load a block entity for block Block{minecraft:air} but failed at location BlockPosition{x=2868, y=80, z=969}
[22:29:13] [Server thread/WARN]: Skipping BlockEntity with id pixelmon:berry_tree
[22:29:13] [Server thread/WARN]: Tried to load a block entity for block Block{minecraft:air} but failed at location BlockPosition{x=2875, y=74, z=957}
[22:29:13] [Server thread/WARN]: Skipping BlockEntity with id pixelmon:berry_tree
[22:29:13] [Server thread/WARN]: Tried to load a block entity for block Block{minecraft:air} but failed at location BlockPosition{x=2879, y=78, z=1044}
[22:29:13] [Server thread/WARN]: Skipping BlockEntity with id pixelmon:poke_chest
[22:29:13] [Server thread/WARN]: Tried to load a block entity for block Block{minecraft:air} but failed at location BlockPosition{x=2872, y=75, z=1055}
[22:29:14] [Server thread/WARN]: Skipping BlockEntity with id pixelmon:apricorn_tree
[22:29:14] [Server thread/WARN]: Tried to load a block entity for block Block{minecraft:air} but failed at location BlockPosition{x=2823, y=65, z=1008}
[22:29:14] [Server thread/WARN]: Skipping BlockEntity with id pixelmon:berry_tree
[22:29:14] [Server thread/WARN]: Tried to load a block entity for block Block{minecraft:air} but failed at location BlockPosition{x=2877, y=82, z=942}
[22:29:14] [Server thread/WARN]: Skipping BlockEntity with id pixelmon:berry_tree
[22:29:14] [Server thread/WARN]: Tried to load a block entity for block Block{minecraft:air} but failed at location BlockPosition{x=2936, y=68, z=872}
[22:29:14] [Server thread/WARN]: Skipping BlockEntity with id pixelmon:apricorn_tree
[22:29:14] [Server thread/WARN]: Tried to load a block entity for block Block{minecraft:air} but failed at location BlockPosition{x=2846, y=69, z=1049}
[22:29:14] [Server thread/WARN]: Skipping BlockEntity with id pixelmon:berry_tree
[22:29:14] [Server thread/WARN]: Tried to load a block entity for block Block{minecraft:air} but failed at location BlockPosition{x=2868, y=82, z=922}
[22:29:14] [Server thread/WARN]: Skipping BlockEntity with id pixelmon:berry_tree
[22:29:14] [Server thread/WARN]: Tried to load a block entity for block Block{minecraft:air} but failed at location BlockPosition{x=2871, y=73, z=1080}
[22:29:14] [Server thread/WARN]: Skipping BlockEntity with id pixelmon:apricorn_tree
[22:29:14] [Server thread/WARN]: Tried to load a block entity for block Block{minecraft:air} but failed at location BlockPosition{x=2895, y=78, z=897}
[22:29:14] [Server thread/WARN]: Skipping BlockEntity with id pixelmon:apricorn_tree
[22:29:14] [Server thread/WARN]: Tried to load a block entity for block Block{minecraft:air} but failed at location BlockPosition{x=2882, y=75, z=1090}
[22:29:14] [Server thread/WARN]: Skipping BlockEntity with id pixelmon:apricorn_tree
[22:29:14] [Server thread/WARN]: Tried to load a block entity for block Block{minecraft:air} but failed at location BlockPosition{x=2831, y=70, z=1050}
[22:29:14] [Server thread/WARN]: Skipping BlockEntity with id pixelmon:apricorn_tree
[22:29:14] [Server thread/WARN]: Tried to load a block entity for block Block{minecraft:air} but failed at location BlockPosition{x=2832, y=71, z=1059}
[22:29:14] [Server thread/WARN]: Skipping BlockEntity with id pixelmon:apricorn_tree
[22:29:14] [Server thread/WARN]: Tried to load a block entity for block Block{minecraft:air} but failed at location BlockPosition{x=2909, y=67, z=867}
[22:29:14] [Server thread/WARN]: Skipping BlockEntity with id pixelmon:berry_tree
[22:29:14] [Server thread/WARN]: Tried to load a block entity for block Block{minecraft:air} but failed at location BlockPosition{x=2896, y=63, z=1132}
[22:29:14] [Netty Epoll Server IO #1/WARN]: [ViaBackwards] Untracked entity with id 37
[22:29:15] [Server thread/WARN]: Skipping BlockEntity with id pixelmon:apricorn_tree
[22:29:15] [Server thread/WARN]: Tried to load a block entity for block Block{minecraft:air} but failed at location BlockPosition{x=2867, y=79, z=893}
[22:29:15] [Server thread/WARN]: Skipping BlockEntity with id pixelmon:berry_tree
[22:29:15] [Server thread/WARN]: Tried to load a block entity for block Block{minecraft:air} but failed at location BlockPosition{x=2891, y=64, z=872}
[22:29:15] [Server thread/WARN]: Skipping BlockEntity with id pixelmon:berry_tree
[22:29:15] [Server thread/WARN]: Tried to load a block entity for block Block{minecraft:air} but failed at location BlockPosition{x=2903, y=74, z=855}
[22:29:15] [Server thread/WARN]: Skipping BlockEntity with id pixelmon:berry_tree
[22:29:15] [Server thread/WARN]: Tried to load a block entity for block Block{minecraft:air} but failed at location BlockPosition{x=2859, y=68, z=894}
[22:29:15] [Server thread/WARN]: Skipping BlockEntity with id pixelmon:berry_tree
[22:29:15] [Server thread/WARN]: Tried to load a block entity for block Block{minecraft:air} but failed at location BlockPosition{x=2859, y=70, z=881}
[22:29:15] [Server thread/WARN]: Skipping BlockEntity with id pixelmon:berry_tree
[22:29:15] [Server thread/WARN]: Tried to load a block entity for block Block{minecraft:air} but failed at location BlockPosition{x=2888, y=78, z=852}
[22:29:15] [Server thread/WARN]: Skipping BlockEntity with id pixelmon:berry_tree
[22:29:15] [Server thread/WARN]: Tried to load a block entity for block Block{minecraft:air} but failed at location BlockPosition{x=2930, y=64, z=800}
[22:29:15] [Server thread/WARN]: Skipping BlockEntity with id pixelmon:poke_chest
[22:29:15] [Server thread/WARN]: Tried to load a block entity for block Block{minecraft:air} but failed at location BlockPosition{x=2839, y=64, z=887}
[22:29:15] [Server thread/WARN]: Skipping BlockEntity with id pixelmon:apricorn_tree
[22:29:15] [Server thread/WARN]: Tried to load a block entity for block Block{minecraft:air} but failed at location BlockPosition{x=2837, y=72, z=1084}
[22:29:15] [Server thread/WARN]: Skipping BlockEntity with id pixelmon:apricorn_tree
[22:29:15] [Server thread/WARN]: Tried to load a block entity for block Block{minecraft:air} but failed at location BlockPosition{x=2875, y=76, z=863}
[22:29:15] [Server thread/WARN]: Skipping BlockEntity with id pixelmon:apricorn_tree
[22:29:15] [Server thread/WARN]: Tried to load a block entity for block Block{minecraft:air} but failed at location BlockPosition{x=2865, y=81, z=1111}
[22:29:15] [Server thread/WARN]: Skipping BlockEntity with id pixelmon:berry_tree
[22:29:15] [Server thread/WARN]: Tried to load a block entity for block Block{minecraft:air} but failed at location BlockPosition{x=2820, y=72, z=882}
[22:29:15] [Server thread/WARN]: Skipping BlockEntity with id pixelmon:apricorn_tree
[22:29:15] [Server thread/WARN]: Tried to load a block entity for block Block{minecraft:air} but failed at location BlockPosition{x=2817, y=72, z=1074}
[22:29:15] [Server thread/WARN]: Skipping BlockEntity with id pixelmon:berry_tree
[22:29:15] [Server thread/WARN]: Tried to load a block entity for block Block{minecraft:air} but failed at location BlockPosition{x=2862, y=71, z=856}
[22:29:15] [Server thread/WARN]: Skipping BlockEntity with id pixelmon:berry_tree
[22:29:15] [Server thread/WARN]: Tried to load a block entity for block Block{minecraft:air} but failed at location BlockPosition{x=2872, y=72, z=842}
[22:29:15] [Server thread/WARN]: Skipping BlockEntity with id pixelmon:berry_tree
[22:29:15] [Server thread/WARN]: Tried to load a block entity for block Block{minecraft:air} but failed at location BlockPosition{x=2872, y=74, z=836}
[22:29:15] [Server thread/WARN]: Skipping BlockEntity with id pixelmon:berry_tree
[22:29:15] [Server thread/WARN]: Tried to load a block entity for block Block{minecraft:air} but failed at location BlockPosition{x=2890, y=74, z=1141}
[22:29:15] [Server thread/WARN]: Skipping BlockEntity with id pixelmon:berry_tree
[22:29:15] [Server thread/WARN]: Tried to load a block entity for block Block{minecraft:air} but failed at location BlockPosition{x=2892, y=77, z=1136}
[22:29:15] [Server thread/WARN]: Skipping BlockEntity with id pixelmon:apricorn_tree
[22:29:15] [Server thread/WARN]: Tried to load a block entity for block Block{minecraft:air} but failed at location BlockPosition{x=2825, y=74, z=1091}
[22:29:15] [Server thread/WARN]: Skipping BlockEntity with id pixelmon:berry_tree
[22:29:15] [Server thread/WARN]: Tried to load a block entity for block Block{minecraft:air} but failed at location BlockPosition{x=2835, y=69, z=851}
[22:29:15] [Server thread/WARN]: Skipping BlockEntity with id pixelmon:berry_tree
[22:29:15] [Server thread/WARN]: Tried to load a block entity for block Block{minecraft:air} but failed at location BlockPosition{x=2832, y=64, z=858}
[22:29:15] [Server thread/WARN]: Skipping BlockEntity with id pixelmon:apricorn_tree
[22:29:15] [Server thread/WARN]: Tried to load a block entity for block Block{minecraft:air} but failed at location BlockPosition{x=2852, y=70, z=837}
[22:29:15] [Server thread/WARN]: Skipping BlockEntity with id pixelmon:berry_tree
[22:29:15] [Server thread/WARN]: Tried to load a block entity for block Block{minecraft:air} but failed at location BlockPosition{x=2875, y=72, z=816}
[22:29:15] [Server thread/WARN]: Skipping BlockEntity with id pixelmon:apricorn_tree
[22:29:15] [Server thread/WARN]: Tried to load a block entity for block Block{minecraft:air} but failed at location BlockPosition{x=2870, y=74, z=1137}
[22:29:15] [Server thread/WARN]: Skipping BlockEntity with id pixelmon:berry_tree
[22:29:15] [Server thread/WARN]: Tried to load a block entity for block Block{minecraft:air} but failed at location BlockPosition{x=2892, y=69, z=814}
[22:29:16] [Server thread/WARN]: Skipping BlockEntity with id pixelmon:apricorn_tree
[22:29:16] [Server thread/WARN]: Tried to load a block entity for block Block{minecraft:air} but failed at location BlockPosition{x=2827, y=77, z=1111}
[22:29:16] [Server thread/WARN]: Skipping BlockEntity with id pixelmon:apricorn_tree
[22:29:16] [Server thread/WARN]: Tried to load a block entity for block Block{minecraft:air} but failed at location BlockPosition{x=2845, y=77, z=1122}
[22:29:16] [Server thread/WARN]: Skipping BlockEntity with id pixelmon:apricorn_tree
[22:29:16] [Server thread/WARN]: Tried to load a block entity for block Block{minecraft:air} but failed at location BlockPosition{x=2868, y=76, z=1163}
[22:29:16] [Server thread/WARN]: Skipping BlockEntity with id pixelmon:berry_tree
[22:29:16] [Server thread/WARN]: Tried to load a block entity for block Block{minecraft:air} but failed at location BlockPosition{x=2820, y=67, z=833}
[22:29:16] [Server thread/WARN]: Skipping BlockEntity with id pixelmon:apricorn_tree
[22:29:16] [Server thread/WARN]: Tried to load a block entity for block Block{minecraft:air} but failed at location BlockPosition{x=2842, y=73, z=1143}
[22:29:16] [Server thread/WARN]: Skipping BlockEntity with id pixelmon:berry_tree
[22:29:16] [Server thread/WARN]: Tried to load a block entity for block Block{minecraft:air} but failed at location BlockPosition{x=2863, y=71, z=814}
[22:29:16] [Server thread/WARN]: Skipping BlockEntity with id pixelmon:berry_tree
[22:29:16] [Server thread/WARN]: Tried to load a block entity for block Block{minecraft:air} but failed at location BlockPosition{x=2824, y=70, z=822}
[22:29:16] [Server thread/WARN]: Skipping BlockEntity with id pixelmon:berry_tree
[22:29:16] [Server thread/WARN]: Tried to load a block entity for block Block{minecraft:air} but failed at location BlockPosition{x=2842, y=71, z=808}
[22:29:16] [Server thread/WARN]: Skipping BlockEntity with id pixelmon:berry_tree
[22:29:16] [Server thread/WARN]: Tried to load a block entity for block Block{minecraft:air} but failed at location BlockPosition{x=2840, y=70, z=807}
[22:29:16] [Server thread/WARN]: Skipping BlockEntity with id pixelmon:berry_tree
[22:29:16] [Server thread/WARN]: Tried to load a block entity for block Block{minecraft:air} but failed at location BlockPosition{x=2817, y=70, z=802}
[22:29:16] [Server thread/WARN]: Skipping BlockEntity with id pixelmon:berry_tree
[22:29:16] [Server thread/WARN]: Tried to load a block entity for block Block{minecraft:air} but failed at location BlockPosition{x=2824, y=70, z=806}
[22:29:20] [Server thread/WARN]: Skipping BlockEntity with id pixelmon:berry_tree
[22:29:20] [Server thread/WARN]: Tried to load a block entity for block Block{minecraft:air} but failed at location BlockPosition{x=2894, y=67, z=794}
[22:29:20] [Server thread/WARN]: Skipping BlockEntity with id pixelmon:berry_tree
[22:29:20] [Server thread/WARN]: Tried to load a block entity for block Block{minecraft:air} but failed at location BlockPosition{x=2873, y=70, z=787}
[22:29:20] [Server thread/WARN]: Skipping BlockEntity with id pixelmon:berry_tree
[22:29:20] [Server thread/WARN]: Tried to load a block entity for block Block{minecraft:air} but failed at location BlockPosition{x=2816, y=70, z=786}
[22:29:30] [Server thread/WARN]: Skipping BlockEntity with id pixelmon:berry_tree
[22:29:30] [Server thread/WARN]: Tried to load a block entity for block Block{minecraft:air} but failed at location BlockPosition{x=2883, y=69, z=781}
[22:29:30] [Server thread/WARN]: Skipping BlockEntity with id pixelmon:apricorn_tree
[22:29:30] [Server thread/WARN]: Tried to load a block entity for block Block{minecraft:air} but failed at location BlockPosition{x=2856, y=75, z=770}
[22:29:30] [Server thread/WARN]: Skipping BlockEntity with id pixelmon:apricorn_tree
[22:29:30] [Server thread/WARN]: Tried to load a block entity for block Block{minecraft:air} but failed at location BlockPosition{x=2822, y=71, z=768}
[22:29:30] [Server thread/WARN]: Skipping BlockEntity with id pixelmon:evolution_rock
[22:29:30] [Server thread/WARN]: Tried to load a block entity for block Block{minecraft:air} but failed at location BlockPosition{x=2820, y=71, z=774}
[22:29:39] [Netty Epoll Server IO #1/WARN]: [ViaBackwards] Untracked entity with id 37
[22:29:46] [Server thread/WARN]: Skipping BlockEntity with id pixelmon:berry_tree
[22:29:46] [Server thread/WARN]: Tried to load a block entity for block Block{minecraft:air} but failed at location BlockPosition{x=2866, y=74, z=1170}
[22:29:47] [Server thread/WARN]: Skipping BlockEntity with id pixelmon:apricorn_tree
[22:29:47] [Server thread/WARN]: Tried to load a block entity for block Block{minecraft:air} but failed at location BlockPosition{x=2847, y=63, z=1184}
[22:30:11] [Server thread/WARN]: Skipping BlockEntity with id pixelmon:berry_tree
[22:30:11] [Server thread/WARN]: Tried to load a block entity for block Block{minecraft:air} but failed at location BlockPosition{x=2902, y=69, z=765}
[22:30:13] [Server thread/INFO]: ysyyayyyayya issued server command: /tp 3000 100 500
[22:30:13] [Server thread/INFO]: [ysyyayyyayya: Teleported ysyyayyyayya to 3000.500000, 100.000000, 500.500000]
[22:30:15] [Server thread/WARN]: Skipping BlockEntity with id pixelmon:berry_tree
[22:30:15] [Server thread/WARN]: Tried to load a block entity for block Block{minecraft:air} but failed at location BlockPosition{x=2966, y=72, z=406}
[22:30:15] [Server thread/WARN]: Skipping BlockEntity with id pixelmon:berry_tree
[22:30:15] [Server thread/WARN]: Tried to load a block entity for block Block{minecraft:air} but failed at location BlockPosition{x=2962, y=71, z=410}
[22:30:15] [Server thread/WARN]: Skipping BlockEntity with id pixelmon:berry_tree
[22:30:15] [Server thread/WARN]: Tried to load a block entity for block Block{minecraft:air} but failed at location BlockPosition{x=2917, y=63, z=431}
[22:30:16] [Server thread/WARN]: Skipping BlockEntity with id pixelmon:berry_tree
[22:30:16] [Server thread/WARN]: Tried to load a block entity for block Block{minecraft:air} but failed at location BlockPosition{x=2848, y=63, z=549}
[22:30:16] [Server thread/WARN]: Skipping BlockEntity with id pixelmon:berry_tree
[22:30:16] [Server thread/WARN]: Tried to load a block entity for block Block{minecraft:air} but failed at location BlockPosition{x=2858, y=63, z=442}
[22:30:17] [Server thread/WARN]: Skipping BlockEntity with id pixelmon:berry_tree
[22:30:17] [Server thread/WARN]: Tried to load a block entity for block Block{minecraft:air} but failed at location BlockPosition{x=2842, y=64, z=416}
[22:30:17] [Server thread/WARN]: Skipping BlockEntity with id pixelmon:berry_tree
[22:30:17] [Server thread/WARN]: Tried to load a block entity for block Block{minecraft:air} but failed at location BlockPosition{x=2859, y=64, z=403}
[22:30:17] [Server thread/WARN]: Skipping BlockEntity with id pixelmon:berry_tree
[22:30:17] [Server thread/WARN]: Tried to load a block entity for block Block{minecraft:air} but failed at location BlockPosition{x=2868, y=66, z=389}
[22:30:17] [Server thread/WARN]: Skipping BlockEntity with id pixelmon:poke_chest
[22:30:17] [Server thread/WARN]: Tried to load a block entity for block Block{minecraft:air} but failed at location BlockPosition{x=2901, y=70, z=649}
[22:30:17] [Server thread/WARN]: Skipping BlockEntity with id pixelmon:berry_tree
[22:30:17] [Server thread/WARN]: Tried to load a block entity for block Block{minecraft:air} but failed at location BlockPosition{x=2844, y=78, z=599}
[22:30:17] [Server thread/WARN]: Skipping BlockEntity with id pixelmon:berry_tree
[22:30:17] [Server thread/WARN]: Tried to load a block entity for block Block{minecraft:air} but failed at location BlockPosition{x=2852, y=63, z=619}
[22:30:17] [Server thread/WARN]: Skipping BlockEntity with id pixelmon:poke_chest
[22:30:17] [Server thread/WARN]: Tried to load a block entity for block Block{minecraft:air} but failed at location BlockPosition{x=2862, y=63, z=612}
[22:30:17] [Server thread/WARN]: Skipping BlockEntity with id pixelmon:berry_tree
[22:30:17] [Server thread/WARN]: Tried to load a block entity for block Block{minecraft:air} but failed at location BlockPosition{x=2838, y=64, z=385}
[22:30:17] [Server thread/WARN]: Skipping BlockEntity with id pixelmon:berry_tree
[22:30:17] [Server thread/WARN]: Tried to load a block entity for block Block{minecraft:air} but failed at location BlockPosition{x=2817, y=63, z=390}
[22:30:17] [Server thread/WARN]: Skipping BlockEntity with id pixelmon:berry_tree
[22:30:17] [Server thread/WARN]: Tried to load a block entity for block Block{minecraft:air} but failed at location BlockPosition{x=2835, y=73, z=378}
[22:30:17] [Server thread/WARN]: Skipping BlockEntity with id pixelmon:berry_tree
[22:30:17] [Server thread/WARN]: Tried to load a block entity for block Block{minecraft:air} but failed at location BlockPosition{x=2870, y=67, z=338}
[22:30:17] [Server thread/WARN]: Skipping BlockEntity with id pixelmon:apricorn_tree
[22:30:17] [Server thread/WARN]: Tried to load a block entity for block Block{minecraft:air} but failed at location BlockPosition{x=2817, y=71, z=370}
[22:30:17] [Server thread/WARN]: Skipping BlockEntity with id pixelmon:berry_tree
[22:30:17] [Server thread/WARN]: Tried to load a block entity for block Block{minecraft:air} but failed at location BlockPosition{x=2827, y=73, z=594}
[22:30:17] [Server thread/WARN]: Skipping BlockEntity with id pixelmon:berry_tree
[22:30:17] [Server thread/WARN]: Tried to load a block entity for block Block{minecraft:air} but failed at location BlockPosition{x=2820, y=73, z=596}
[22:30:17] [Server thread/WARN]: Skipping BlockEntity with id pixelmon:berry_tree
[22:30:17] [Server thread/WARN]: Tried to load a block entity for block Block{minecraft:air} but failed at location BlockPosition{x=2865, y=71, z=329}
[22:30:17] [Server thread/WARN]: Skipping BlockEntity with id pixelmon:berry_tree
[22:30:17] [Server thread/WARN]: Tried to load a block entity for block Block{minecraft:air} but failed at location BlockPosition{x=2865, y=85, z=654}
[22:30:17] [Server thread/WARN]: Skipping BlockEntity with id pixelmon:berry_tree
[22:30:17] [Server thread/WARN]: Tried to load a block entity for block Block{minecraft:air} but failed at location BlockPosition{x=2885, y=92, z=660}
[22:30:17] [Server thread/WARN]: Skipping BlockEntity with id pixelmon:berry_tree
[22:30:17] [Server thread/WARN]: Tried to load a block entity for block Block{minecraft:air} but failed at location BlockPosition{x=2835, y=84, z=338}
[22:30:17] [Server thread/WARN]: Skipping BlockEntity with id pixelmon:berry_tree
[22:30:17] [Server thread/WARN]: Tried to load a block entity for block Block{minecraft:air} but failed at location BlockPosition{x=2856, y=86, z=313}
[22:30:17] [Server thread/WARN]: Skipping BlockEntity with id pixelmon:poke_chest
[22:30:17] [Server thread/WARN]: Tried to load a block entity for block Block{minecraft:air} but failed at location BlockPosition{x=2836, y=87, z=314}
[22:30:17] [Server thread/WARN]: Skipping BlockEntity with id pixelmon:apricorn_tree
[22:30:17] [Server thread/WARN]: Tried to load a block entity for block Block{minecraft:air} but failed at location BlockPosition{x=2823, y=79, z=317}
[22:30:18] [Server thread/WARN]: Skipping BlockEntity with id pixelmon:apricorn_tree
[22:30:18] [Server thread/WARN]: Tried to load a block entity for block Block{minecraft:air} but failed at location BlockPosition{x=2842, y=86, z=300}
[22:30:18] [Server thread/WARN]: Skipping BlockEntity with id pixelmon:apricorn_tree
[22:30:18] [Server thread/WARN]: Tried to load a block entity for block Block{minecraft:air} but failed at location BlockPosition{x=2878, y=72, z=276}
[22:30:18] [Server thread/WARN]: Skipping BlockEntity with id pixelmon:berry_tree
[22:30:18] [Server thread/WARN]: Tried to load a block entity for block Block{minecraft:air} but failed at location BlockPosition{x=2859, y=81, z=284}
[22:30:18] [Server thread/WARN]: Skipping BlockEntity with id pixelmon:berry_tree
[22:30:18] [Server thread/WARN]: Tried to load a block entity for block Block{minecraft:air} but failed at location BlockPosition{x=2850, y=77, z=281}
[22:30:19] [Server thread/WARN]: Skipping BlockEntity with id pixelmon:berry_tree
[22:30:19] [Server thread/WARN]: Tried to load a block entity for block Block{minecraft:air} but failed at location BlockPosition{x=2874, y=69, z=263}
[22:30:20] [Server thread/WARN]: Skipping BlockEntity with id pixelmon:berry_tree
[22:30:20] [Server thread/WARN]: Tried to load a block entity for block Block{minecraft:air} but failed at location BlockPosition{x=2853, y=75, z=251}
[22:30:22] [Server thread/WARN]: Skipping BlockEntity with id pixelmon:poke_chest
[22:30:22] [Server thread/WARN]: Tried to load a block entity for block Block{minecraft:air} but failed at location BlockPosition{x=2978, y=82, z=238}
[22:30:22] [Server thread/WARN]: Skipping BlockEntity with id pixelmon:berry_tree
[22:30:22] [Server thread/WARN]: Tried to load a block entity for block Block{minecraft:air} but failed at location BlockPosition{x=2920, y=67, z=228}
[22:30:22] [Server thread/WARN]: Skipping BlockEntity with id pixelmon:berry_tree
[22:30:22] [Server thread/WARN]: Tried to load a block entity for block Block{minecraft:air} but failed at location BlockPosition{x=2922, y=69, z=235}
[22:30:22] [Server thread/WARN]: Skipping BlockEntity with id pixelmon:berry_tree
[22:30:22] [Server thread/WARN]: Tried to load a block entity for block Block{minecraft:air} but failed at location BlockPosition{x=2858, y=73, z=238}
[22:30:23] [Server thread/INFO]: ysyyayyyayya issued server command: /kill
[22:30:23] [Server thread/INFO]: ysyyayyyayya fell out of the world
[22:30:23] [Server thread/INFO]: [ysyyayyyayya: Killed ysyyayyyayya]
[22:30:25] [Server thread/INFO]: ysyyayyyayya lost connection: Disconnected
[22:30:25] [Server thread/INFO]: ysyyayyyayya left the game
[22:30:28] [User Authenticator #2/INFO]: UUID of player ysyyayyyayya is 6cd4e570-7a49-3521-8e89-4b4b5c6269c5
[22:30:28] [Server thread/INFO]: ysyyayyyayya joined the game
[22:30:28] [Server thread/INFO]: ysyyayyyayya[/[0:0:0:0:0:0:0:1]:57874] logged in with entity id 642 at ([world]2955.2101424480743, 98.50001071797944, 413.5385597759567)
[22:30:28] [Netty Epoll Server IO #2/WARN]: [ViaBackwards] Ignoring plugin channel in incoming REGISTER: EAG|UpdateCert-1.8
[22:30:28] [Netty Epoll Server IO #2/WARN]: [ViaBackwards] Ignoring plugin channel in incoming REGISTER: FML
[22:30:28] [Netty Epoll Server IO #2/WARN]: [ViaBackwards] Ignoring plugin channel in incoming REGISTER: EAG|Skins-1.8
[22:30:28] [Netty Epoll Server IO #2/WARN]: [ViaBackwards] Ignoring plugin channel in incoming REGISTER: FORGE
[22:30:30] [Server thread/WARN]: Skipping Entity with id pixelmon:npc_chatting
[22:30:30] [Server thread/WARN]: Skipping Entity with id pixelmon:npc_chatting
[22:30:30] [Server thread/WARN]: Skipping Entity with id pixelmon:npc_chatting
[22:30:30] [Server thread/WARN]: Skipping Entity with id pixelmon:npc_chatting
[22:30:30] [Server thread/WARN]: Skipping Entity with id pixelmon:npc_chatting
[22:30:30] [Server thread/WARN]: Skipping Entity with id pixelmon:npc_chatting
[22:30:30] [Server thread/WARN]: Skipping Entity with id pixelmon:npc_chatting
[22:30:30] [Server thread/WARN]: Skipping Entity with id pixelmon:npc_chatting
[22:30:30] [Server thread/WARN]: Skipping Entity with id pixelmon:npc_chatting
[22:30:30] [Server thread/WARN]: Skipping Entity with id pixelmon:npc_chatting
[22:30:30] [Server thread/WARN]: Skipping Entity with id pixelmon:npc_chatting
[22:30:30] [Server thread/WARN]: Skipping Entity with id pixelmon:npc_chatting
[22:30:30] [Server thread/WARN]: Skipping Entity with id pixelmon:npc_chatting
[22:30:30] [Server thread/WARN]: Skipping Entity with id pixelmon:npc_chatting
[22:30:30] [Server thread/WARN]: Skipping Entity with id pixelmon:npc_chatting
[22:30:30] [Server thread/WARN]: Skipping Entity with id pixelmon:npc_chatting
[22:30:30] [Server thread/WARN]: Skipping Entity with id pixelmon:npc_trainer
[22:30:35] [Netty Epoll Server IO #2/WARN]: [ViaBackwards] Untracked entity with id 642
[22:30:38] [Server thread/WARN]: Skipping BlockEntity with id pixelmon:apricorn_tree
[22:30:38] [Server thread/WARN]: Tried to load a block entity for block Block{minecraft:air} but failed at location BlockPosition{x=2891, y=88, z=676}
[22:30:38] [Server thread/WARN]: Skipping BlockEntity with id pixelmon:berry_tree
[22:30:38] [Server thread/WARN]: Tried to load a block entity for block Block{minecraft:air} but failed at location BlockPosition{x=2863, y=66, z=210}
[22:30:38] [Server thread/WARN]: Skipping BlockEntity with id pixelmon:berry_tree
[22:30:38] [Server thread/WARN]: Tried to load a block entity for block Block{minecraft:air} but failed at location BlockPosition{x=2873, y=68, z=218}
[22:30:38] [Server thread/WARN]: Skipping BlockEntity with id pixelmon:apricorn_tree
[22:30:38] [Server thread/WARN]: Tried to load a block entity for block Block{minecraft:air} but failed at location BlockPosition{x=2827, y=67, z=214}
[22:30:38] [Server thread/WARN]: Skipping BlockEntity with id pixelmon:berry_tree
[22:30:38] [Server thread/WARN]: Tried to load a block entity for block Block{minecraft:air} but failed at location BlockPosition{x=2926, y=76, z=213}
[22:30:38] [Server thread/WARN]: Skipping BlockEntity with id pixelmon:apricorn_tree
[22:30:38] [Server thread/WARN]: Tried to load a block entity for block Block{minecraft:air} but failed at location BlockPosition{x=2902, y=71, z=687}
[22:30:49] [Server thread/WARN]: Skipping Entity with id pixelmon:npc_chatting
[22:30:49] [Server thread/WARN]: Skipping Entity with id pixelmon:npc_chatting
[22:30:49] [Server thread/WARN]: Skipping Entity with id pixelmon:npc_trainer
[22:30:49] [Server thread/WARN]: Skipping Entity with id pixelmon:npc_shopkeeper
[22:30:49] [Server thread/WARN]: Skipping Entity with id pixelmon:npc_chatting
[22:30:49] [Server thread/WARN]: Skipping Entity with id pixelmon:npc_chatting
[22:30:49] [Server thread/WARN]: Skipping Entity with id pixelmon:npc_chatting
[22:30:49] [Server thread/WARN]: Skipping Entity with id pixelmon:npc_chatting
[22:30:49] [Server thread/WARN]: Skipping Entity with id pixelmon:npc_chatting
[22:30:49] [Server thread/WARN]: Skipping Entity with id pixelmon:npc_chatting
[22:30:49] [Server thread/WARN]: Skipping Entity with id pixelmon:npc_chatting
[22:30:49] [Server thread/WARN]: Skipping Entity with id pixelmon:npc_chatting
[22:30:49] [Server thread/WARN]: Skipping Entity with id pixelmon:npc_chatting
[22:30:49] [Server thread/WARN]: Skipping Entity with id pixelmon:npc_chatting
[22:30:49] [Server thread/WARN]: Skipping Entity with id pixelmon:npc_chatting
[22:30:49] [Server thread/WARN]: Skipping Entity with id pixelmon:npc_chatting
[22:30:49] [Server thread/WARN]: Skipping Entity with id pixelmon:npc_chatting
[22:30:49] [Server thread/WARN]: Skipping Entity with id pixelmon:npc_chatting
[22:30:49] [Server thread/WARN]: Skipping Entity with id pixelmon:npc_chatting
[22:30:49] [Server thread/WARN]: Skipping Entity with id pixelmon:npc_chatting
[22:30:49] [Server thread/WARN]: Skipping Entity with id pixelmon:npc_chatting
[22:30:49] [Server thread/WARN]: Skipping Entity with id pixelmon:npc_chatting
[22:30:49] [Server thread/WARN]: Skipping Entity with id pixelmon:npc_chatting
[22:30:49] [Server thread/WARN]: Skipping Entity with id pixelmon:npc_chatting
[22:30:49] [Server thread/WARN]: Skipping Entity with id pixelmon:npc_chatting
[22:30:49] [Server thread/WARN]: Skipping Entity with id pixelmon:npc_chatting
[22:30:49] [Server thread/WARN]: Skipping Entity with id pixelmon:npc_chatting
[22:30:49] [Server thread/WARN]: Skipping Entity with id pixelmon:npc_chatting
[22:30:49] [Server thread/WARN]: Skipping Entity with id pixelmon:dynamax_energy
[22:30:49] [Server thread/WARN]: Skipping Entity with id pixelmon:npc_shopkeeper
[22:30:49] [Server thread/WARN]: Skipping Entity with id pixelmon:npc_shopkeeper
[22:30:58] [Server thread/WARN]: Skipping BlockEntity with id pixelmon:tablepc
[22:30:58] [Server thread/WARN]: Tried to load a block entity for block Block{minecraft:air} but failed at location BlockPosition{x=647, y=83, z=1469}
[22:30:58] [Server thread/WARN]: Skipping BlockEntity with id pixelmon:tablepc
[22:30:58] [Server thread/WARN]: Tried to load a block entity for block Block{minecraft:air} but failed at location BlockPosition{x=640, y=83, z=1464}
[22:30:58] [Server thread/WARN]: Skipping BlockEntity with id pixelmon:tablepc
[22:30:58] [Server thread/WARN]: Tried to load a block entity for block Block{minecraft:air} but failed at location BlockPosition{x=647, y=95, z=1469}
[22:30:58] [Server thread/WARN]: Skipping BlockEntity with id pixelmon:tablepc
[22:30:58] [Server thread/WARN]: Tried to load a block entity for block Block{minecraft:air} but failed at location BlockPosition{x=640, y=87, z=1467}
[22:30:58] [Server thread/WARN]: Skipping BlockEntity with id pixelmon:tablepc
[22:30:58] [Server thread/WARN]: Tried to load a block entity for block Block{minecraft:air} but failed at location BlockPosition{x=647, y=87, z=1463}
[22:30:58] [Server thread/WARN]: Skipping BlockEntity with id pixelmon:tablepc
[22:30:58] [Server thread/WARN]: Tried to load a block entity for block Block{minecraft:air} but failed at location BlockPosition{x=640, y=87, z=1470}
[22:30:58] [Server thread/WARN]: Skipping BlockEntity with id pixelmon:tablepc
[22:30:58] [Server thread/WARN]: Tried to load a block entity for block Block{minecraft:air} but failed at location BlockPosition{x=647, y=91, z=1466}
[22:30:58] [Server thread/WARN]: Skipping BlockEntity with id pixelmon:tablepc
[22:30:58] [Server thread/WARN]: Tried to load a block entity for block Block{minecraft:air} but failed at location BlockPosition{x=640, y=87, z=1464}
[22:30:58] [Server thread/WARN]: Skipping BlockEntity with id pixelmon:tablepc
[22:30:58] [Server thread/WARN]: Tried to load a block entity for block Block{minecraft:air} but failed at location BlockPosition{x=640, y=83, z=1460}
[22:30:58] [Server thread/WARN]: Skipping BlockEntity with id pixelmon:tablepc
[22:30:58] [Server thread/WARN]: Tried to load a block entity for block Block{minecraft:air} but failed at location BlockPosition{x=640, y=91, z=1467}
[22:30:58] [Server thread/WARN]: Skipping BlockEntity with id pixelmon:tablepc
[22:30:58] [Server thread/WARN]: Tried to load a block entity for block Block{minecraft:air} but failed at location BlockPosition{x=647, y=91, z=1463}
[22:30:58] [Server thread/WARN]: Skipping BlockEntity with id pixelmon:tablepc
[22:30:58] [Server thread/WARN]: Tried to load a block entity for block Block{minecraft:air} but failed at location BlockPosition{x=640, y=91, z=1470}
[22:30:58] [Server thread/WARN]: Skipping BlockEntity with id pixelmon:tablepc
[22:30:58] [Server thread/WARN]: Tried to load a block entity for block Block{minecraft:air} but failed at location BlockPosition{x=647, y=95, z=1466}
[22:30:58] [Server thread/WARN]: Skipping BlockEntity with id pixelmon:tablepc
[22:30:58] [Server thread/WARN]: Tried to load a block entity for block Block{minecraft:air} but failed at location BlockPosition{x=647, y=87, z=1469}
[22:30:58] [Server thread/WARN]: Skipping BlockEntity with id pixelmon:tablepc
[22:30:58] [Server thread/WARN]: Tried to load a block entity for block Block{minecraft:air} but failed at location BlockPosition{x=647, y=83, z=1466}
[22:30:58] [Server thread/WARN]: Skipping BlockEntity with id pixelmon:tablepc
[22:30:58] [Server thread/WARN]: Tried to load a block entity for block Block{minecraft:air} but failed at location BlockPosition{x=647, y=91, z=1469}
[22:30:58] [Server thread/WARN]: Skipping BlockEntity with id pixelmon:tablepc
[22:30:58] [Server thread/WARN]: Tried to load a block entity for block Block{minecraft:air} but failed at location BlockPosition{x=640, y=83, z=1467}
[22:30:58] [Server thread/WARN]: Skipping BlockEntity with id pixelmon:tablepc
[22:30:58] [Server thread/WARN]: Tried to load a block entity for block Block{minecraft:air} but failed at location BlockPosition{x=640, y=83, z=1470}
[22:30:58] [Server thread/WARN]: Skipping BlockEntity with id pixelmon:tablepc
[22:30:58] [Server thread/WARN]: Tried to load a block entity for block Block{minecraft:air} but failed at location BlockPosition{x=647, y=83, z=1463}
[22:30:58] [Server thread/WARN]: Skipping BlockEntity with id pixelmon:tablepc
[22:30:58] [Server thread/WARN]: Tried to load a block entity for block Block{minecraft:air} but failed at location BlockPosition{x=647, y=87, z=1466}
[22:30:58] [Server thread/WARN]: Skipping BlockEntity with id pixelmon:tablepc
[22:30:58] [Server thread/WARN]: Tried to load a block entity for block Block{minecraft:air} but failed at location BlockPosition{x=640, y=95, z=1460}
[22:30:58] [Server thread/WARN]: Skipping BlockEntity with id pixelmon:tablepc
[22:30:58] [Server thread/WARN]: Tried to load a block entity for block Block{minecraft:air} but failed at location BlockPosition{x=640, y=87, z=1460}
[22:30:58] [Server thread/WARN]: Skipping BlockEntity with id pixelmon:tablepc
[22:30:58] [Server thread/WARN]: Tried to load a block entity for block Block{minecraft:air} but failed at location BlockPosition{x=640, y=91, z=1464}
[22:30:58] [Server thread/WARN]: Skipping BlockEntity with id pixelmon:tablepc
[22:30:58] [Server thread/WARN]: Tried to load a block entity for block Block{minecraft:air} but failed at location BlockPosition{x=640, y=95, z=1467}
[22:30:58] [Server thread/WARN]: Skipping BlockEntity with id pixelmon:tablepc
[22:30:58] [Server thread/WARN]: Tried to load a block entity for block Block{minecraft:air} but failed at location BlockPosition{x=640, y=95, z=1470}
[22:30:58] [Server thread/WARN]: Skipping BlockEntity with id pixelmon:tablepc
[22:30:58] [Server thread/WARN]: Tried to load a block entity for block Block{minecraft:air} but failed at location BlockPosition{x=647, y=95, z=1463}
[22:30:58] [Server thread/WARN]: Skipping BlockEntity with id pixelmon:tablepc
[22:30:58] [Server thread/WARN]: Tried to load a block entity for block Block{minecraft:air} but failed at location BlockPosition{x=640, y=95, z=1464}
[22:30:58] [Server thread/WARN]: Skipping BlockEntity with id pixelmon:tablepc
[22:30:58] [Server thread/WARN]: Tried to load a block entity for block Block{minecraft:air} but failed at location BlockPosition{x=640, y=91, z=1460}
[22:30:58] [Server thread/WARN]: Skipping Entity with id pixelmon:npc_shopkeeper
[22:30:58] [Server thread/WARN]: Skipping BlockEntity with id pixelmon:tablepc
[22:30:58] [Server thread/WARN]: Tried to load a block entity for block Block{minecraft:air} but failed at location BlockPosition{x=757, y=91, z=1466}
[22:30:58] [Server thread/WARN]: Skipping BlockEntity with id pixelmon:tablepc
[22:30:58] [Server thread/WARN]: Tried to load a block entity for block Block{minecraft:air} but failed at location BlockPosition{x=760, y=87, z=1459}
[22:30:58] [Server thread/WARN]: Skipping BlockEntity with id pixelmon:tablepc
[22:30:58] [Server thread/WARN]: Tried to load a block entity for block Block{minecraft:air} but failed at location BlockPosition{x=761, y=95, z=1469}
[22:30:58] [Server thread/WARN]: Skipping BlockEntity with id pixelmon:tablepc
[22:30:58] [Server thread/WARN]: Tried to load a block entity for block Block{minecraft:air} but failed at location BlockPosition{x=757, y=91, z=1469}
[22:30:58] [Server thread/WARN]: Skipping BlockEntity with id pixelmon:tablepc
[22:30:58] [Server thread/WARN]: Tried to load a block entity for block Block{minecraft:air} but failed at location BlockPosition{x=760, y=91, z=1459}
[22:30:58] [Server thread/WARN]: Skipping BlockEntity with id pixelmon:tablepc
[22:30:58] [Server thread/WARN]: Tried to load a block entity for block Block{minecraft:air} but failed at location BlockPosition{x=757, y=95, z=1466}
[22:30:58] [Server thread/WARN]: Skipping BlockEntity with id pixelmon:tablepc
[22:30:58] [Server thread/WARN]: Tried to load a block entity for block Block{minecraft:air} but failed at location BlockPosition{x=757, y=95, z=1469}
[22:30:58] [Server thread/WARN]: Skipping BlockEntity with id pixelmon:tablepc
[22:30:58] [Server thread/WARN]: Tried to load a block entity for block Block{minecraft:air} but failed at location BlockPosition{x=757, y=83, z=1466}
[22:30:58] [Server thread/WARN]: Skipping BlockEntity with id pixelmon:tablepc
[22:30:58] [Server thread/WARN]: Tried to load a block entity for block Block{minecraft:air} but failed at location BlockPosition{x=761, y=87, z=1469}
[22:30:58] [Server thread/WARN]: Skipping BlockEntity with id pixelmon:tablepc
[22:30:58] [Server thread/WARN]: Tried to load a block entity for block Block{minecraft:air} but failed at location BlockPosition{x=757, y=83, z=1469}
[22:30:58] [Server thread/WARN]: Skipping BlockEntity with id pixelmon:tablepc
[22:30:58] [Server thread/WARN]: Tried to load a block entity for block Block{minecraft:air} but failed at location BlockPosition{x=757, y=87, z=1466}
[22:30:58] [Server thread/WARN]: Skipping BlockEntity with id pixelmon:tablepc
[22:30:58] [Server thread/WARN]: Tried to load a block entity for block Block{minecraft:air} but failed at location BlockPosition{x=760, y=83, z=1459}
[22:30:58] [Server thread/WARN]: Skipping BlockEntity with id pixelmon:tablepc
[22:30:58] [Server thread/WARN]: Tried to load a block entity for block Block{minecraft:air} but failed at location BlockPosition{x=757, y=87, z=1469}
[22:30:58] [Server thread/WARN]: Skipping BlockEntity with id pixelmon:tablepc
[22:30:58] [Server thread/WARN]: Tried to load a block entity for block Block{minecraft:air} but failed at location BlockPosition{x=761, y=91, z=1469}
[22:30:58] [Server thread/WARN]: Skipping BlockEntity with id pixelmon:tablepc
[22:30:58] [Server thread/WARN]: Tried to load a block entity for block Block{minecraft:air} but failed at location BlockPosition{x=761, y=83, z=1469}
[22:30:58] [Server thread/WARN]: Skipping BlockEntity with id pixelmon:tablepc
[22:30:58] [Server thread/WARN]: Tried to load a block entity for block Block{minecraft:air} but failed at location BlockPosition{x=760, y=95, z=1459}
[22:31:00] [Server thread/WARN]: Skipping BlockEntity with id pixelmon:pixelmon_spawner
[22:31:00] [Server thread/WARN]: Tried to load a block entity for block Block{minecraft:air} but failed at location BlockPosition{x=483, y=70, z=1451}
[22:31:00] [Server thread/WARN]: Skipping Entity with id pixelmon:npc_nursejoy
[22:31:01] [Server thread/WARN]: Skipping BlockEntity with id pixelmon:pixelmon_spawner
[22:31:01] [Server thread/WARN]: Tried to load a block entity for block Block{minecraft:air} but failed at location BlockPosition{x=551, y=64, z=1428}
[22:31:01] [Server thread/WARN]: Skipping BlockEntity with id pixelmon:pixelmon_spawner
[22:31:01] [Server thread/WARN]: Tried to load a block entity for block Block{minecraft:air} but failed at location BlockPosition{x=697, y=75, z=1431}
[22:31:01] [Server thread/WARN]: Skipping BlockEntity with id pixelmon:pixelmon_spawner
[22:31:01] [Server thread/WARN]: Tried to load a block entity for block Block{minecraft:air} but failed at location BlockPosition{x=710, y=75, z=1431}
[22:31:01] [Server thread/WARN]: Skipping Entity with id pixelmon:npc_trainer
[22:31:01] [Server thread/WARN]: Skipping Entity with id pixelmon:npc_shopkeeper
[22:31:01] [Server thread/WARN]: Skipping Entity with id pixelmon:npc_shopkeeper
[22:31:01] [Server thread/WARN]: Skipping BlockEntity with id pixelmon:pc
[22:31:01] [Server thread/WARN]: Tried to load a block entity for block Block{minecraft:air} but failed at location BlockPosition{x=742, y=77, z=1435}
[22:31:01] [Server thread/WARN]: Skipping BlockEntity with id pixelmon:healer
[22:31:01] [Server thread/WARN]: Tried to load a block entity for block Block{minecraft:air} but failed at location BlockPosition{x=743, y=77, z=1429}
[22:31:01] [Server thread/WARN]: Skipping BlockEntity with id pixelmon:healer
[22:31:01] [Server thread/WARN]: Tried to load a block entity for block Block{minecraft:air} but failed at location BlockPosition{x=743, y=77, z=1433}
[22:31:02] [Server thread/WARN]: Skipping Entity with id pixelmon:npc_chatting
[22:31:02] [Server thread/WARN]: Skipping BlockEntity with id pixelmon:pixelmon_spawner
[22:31:02] [Server thread/WARN]: Tried to load a block entity for block Block{minecraft:air} but failed at location BlockPosition{x=525, y=66, z=1409}
[22:31:02] [Server thread/WARN]: Skipping Entity with id pixelmon:npc_shopkeeper
[22:31:02] [Server thread/WARN]: Skipping Entity with id pixelmon:npc_shopkeeper
[22:31:02] [Server thread/WARN]: Skipping Entity with id pixelmon:npc_chatting
[22:31:02] [Server thread/WARN]: Skipping Entity with id pixelmon:npc_trainer
[22:31:02] [Server thread/WARN]: Skipping Entity with id pixelmon:npc_chatting
[22:31:02] [Server thread/WARN]: Skipping BlockEntity with id pixelmon:pixelmon_spawner
[22:31:02] [Server thread/WARN]: Tried to load a block entity for block Block{minecraft:air} but failed at location BlockPosition{x=405, y=63, z=1411}
[22:31:02] [Server thread/WARN]: Skipping Entity with id pixelmon:npc_chatting
[22:31:03] [Server thread/WARN]: Skipping BlockEntity with id pixelmon:pixelmon_spawner
[22:31:03] [Server thread/WARN]: Tried to load a block entity for block Block{minecraft:air} but failed at location BlockPosition{x=547, y=58, z=1400}
[22:31:03] [Server thread/WARN]: Skipping BlockEntity with id pixelmon:pixelmon_spawner
[22:31:03] [Server thread/WARN]: Tried to load a block entity for block Block{minecraft:air} but failed at location BlockPosition{x=517, y=59, z=1394}
[22:31:03] [Server thread/WARN]: Skipping BlockEntity with id pixelmon:pixelmon_spawner
[22:31:03] [Server thread/WARN]: Tried to load a block entity for block Block{minecraft:air} but failed at location BlockPosition{x=436, y=59, z=1405}
[22:31:03] [Server thread/WARN]: Skipping Entity with id pixelmon:npc_chatting
[22:31:04] [Server thread/WARN]: Skipping BlockEntity with id pixelmon:pixelmon_spawner
[22:31:04] [Server thread/WARN]: Tried to load a block entity for block Block{minecraft:air} but failed at location BlockPosition{x=536, y=61, z=1377}
[22:31:04] [Server thread/WARN]: Skipping Entity with id pixelmon:npc_chatting
[22:31:04] [Server thread/WARN]: Skipping BlockEntity with id pixelmon:pixelmon_spawner
[22:31:04] [Server thread/WARN]: Tried to load a block entity for block Block{minecraft:air} but failed at location BlockPosition{x=437, y=56, z=1388}
[22:31:04] [Server thread/WARN]: Skipping Entity with id pixelmon:npc_chatting
[22:31:05] [Server thread/WARN]: Skipping Entity with id pixelmon:npc_shopkeeper
[22:31:05] [Server thread/WARN]: Skipping Entity with id pixelmon:npc_shopkeeper
[22:31:05] [Server thread/WARN]: Skipping Entity with id pixelmon:npc_trainer
[22:31:05] [Server thread/WARN]: Skipping Entity with id pixelmon:npc_shopkeeper
[22:31:05] [Server thread/WARN]: Skipping Entity with id pixelmon:npc_shopkeeper
[22:31:06] [Server thread/WARN]: Skipping Entity with id pixelmon:npc_trainer
[22:31:06] [Server thread/WARN]: Skipping Entity with id pixelmon:npc_nursejoy
[22:31:06] [Server thread/WARN]: Skipping Entity with id pixelmon:npc_chatting
[22:31:06] [Server thread/WARN]: Skipping Entity with id pixelmon:npc_chatting
[22:31:06] [Server thread/WARN]: Skipping Entity with id pixelmon:npc_chatting
[22:31:06] [Server thread/WARN]: Skipping Entity with id pixelmon:npc_chatting
[22:31:07] [Server thread/WARN]: Skipping Entity with id pixelmon:npc_chatting
[22:31:07] [Server thread/WARN]: Skipping Entity with id pixelmon:npc_chatting
[22:31:07] [Server thread/WARN]: Skipping BlockEntity with id pixelmon:pc
[22:31:07] [Server thread/WARN]: Tried to load a block entity for block Block{minecraft:air} but failed at location BlockPosition{x=482, y=66, z=1335}
[22:31:07] [Server thread/WARN]: Skipping BlockEntity with id pixelmon:healer
[22:31:07] [Server thread/WARN]: Tried to load a block entity for block Block{minecraft:air} but failed at location BlockPosition{x=480, y=66, z=1334}
[22:31:07] [Server thread/WARN]: Skipping BlockEntity with id pixelmon:healer
[22:31:07] [Server thread/WARN]: Tried to load a block entity for block Block{minecraft:air} but failed at location BlockPosition{x=476, y=66, z=1334}
[22:31:10] [Server thread/WARN]: Skipping BlockEntity with id pixelmon:pixelmon_spawner
[22:31:10] [Server thread/WARN]: Tried to load a block entity for block Block{minecraft:air} but failed at location BlockPosition{x=515, y=58, z=1302}
[22:31:10] [Server thread/WARN]: Skipping BlockEntity with id pixelmon:pixelmon_spawner
[22:31:10] [Server thread/WARN]: Tried to load a block entity for block Block{minecraft:air} but failed at location BlockPosition{x=516, y=58, z=1303}
[22:31:10] [Server thread/WARN]: Skipping BlockEntity with id pixelmon:pixelmon_spawner
[22:31:10] [Server thread/WARN]: Tried to load a block entity for block Block{minecraft:air} but failed at location BlockPosition{x=488, y=69, z=1303}
[22:31:16] [Server thread/WARN]: Skipping Entity with id pixelmon:npc_nursejoy
[22:31:17] [Server thread/WARN]: Skipping Entity with id pixelmon:npc_trainer
[22:31:17] [Server thread/WARN]: Skipping Entity with id pixelmon:npc_chatting
[22:31:17] [Server thread/WARN]: Skipping Entity with id pixelmon:npc_chatting
[22:31:17] [Server thread/WARN]: Skipping BlockEntity with id pixelmon:pc
[22:31:17] [Server thread/WARN]: Tried to load a block entity for block Block{minecraft:air} but failed at location BlockPosition{x=738, y=86, z=1243}
[22:31:17] [Server thread/WARN]: Skipping BlockEntity with id pixelmon:healer
[22:31:17] [Server thread/WARN]: Tried to load a block entity for block Block{minecraft:air} but failed at location BlockPosition{x=740, y=86, z=1244}
[22:31:17] [Server thread/WARN]: Skipping BlockEntity with id pixelmon:healer
[22:31:17] [Server thread/WARN]: Tried to load a block entity for block Block{minecraft:air} but failed at location BlockPosition{x=744, y=86, z=1244}
[22:31:17] [Server thread/WARN]: Skipping Entity with id pixelmon:npc_trader
[22:31:18] [Server thread/WARN]: Skipping Entity with id pixelmon:npc_chatting
[22:31:18] [Server thread/WARN]: Skipping Entity with id pixelmon:npc_shopkeeper
[22:31:18] [Server thread/WARN]: Skipping Entity with id pixelmon:npc_shopkeeper
[22:31:18] [Server thread/WARN]: Skipping Entity with id pixelmon:npc_shopkeeper
[22:31:26] [Server thread/WARN]: Skipping BlockEntity with id pixelmon:pixelmon_spawner
[22:31:26] [Server thread/WARN]: Tried to load a block entity for block Block{minecraft:air} but failed at location BlockPosition{x=880, y=82, z=1398}
[22:31:28] [Server thread/WARN]: Skipping Entity with id pixelmon:npc_chatting
[22:31:28] [Server thread/WARN]: Skipping Entity with id pixelmon:npc_chatting
[22:31:28] [Server thread/WARN]: Skipping Entity with id pixelmon:npc_chatting
[22:31:28] [Server thread/WARN]: Skipping Entity with id pixelmon:npc_chatting
[22:31:28] [Server thread/WARN]: Skipping Entity with id pixelmon:npc_chatting
[22:31:29] [Server thread/WARN]: Skipping Entity with id pixelmon:npc_chatting
[22:31:29] [Server thread/WARN]: Skipping Entity with id pixelmon:npc_chatting
[22:31:29] [Server thread/WARN]: Skipping Entity with id pixelmon:npc_chatting
[22:31:29] [Server thread/WARN]: Skipping Entity with id pixelmon:npc_chatting
[22:31:29] [Server thread/WARN]: Skipping BlockEntity with id pixelmon:pixelmon_spawner
[22:31:29] [Server thread/WARN]: Tried to load a block entity for block Block{minecraft:air} but failed at location BlockPosition{x=916, y=79, z=1585}
[22:31:30] [Server thread/WARN]: Skipping Entity with id pixelmon:dynamax_energy
[22:31:34] [Server thread/WARN]: Skipping Entity with id pixelmon:npc_shopkeeper
[22:31:34] [Server thread/WARN]: Skipping BlockEntity with id pixelmon:pixelmon_spawner
[22:31:34] [Server thread/WARN]: Tried to load a block entity for block Block{minecraft:air} but failed at location BlockPosition{x=945, y=70, z=1598}
[22:31:34] [Server thread/WARN]: Skipping Entity with id pixelmon:npc_shopkeeper
[22:31:34] [Server thread/WARN]: Skipping BlockEntity with id pixelmon:pixelmon_spawner
[22:31:34] [Server thread/WARN]: Tried to load a block entity for block Block{minecraft:air} but failed at location BlockPosition{x=959, y=66, z=1646}
[22:31:34] [Server thread/WARN]: Skipping BlockEntity with id pixelmon:pixelmon_spawner
[22:31:34] [Server thread/WARN]: Tried to load a block entity for block Block{minecraft:air} but failed at location BlockPosition{x=954, y=66, z=1649}
[22:31:34] [Server thread/WARN]: Skipping Entity with id pixelmon:dynamax_energy
[22:31:34] [Server thread/WARN]: Skipping Entity with id pixelmon:dynamax_energy
[22:31:49] [Server thread/WARN]: Skipping BlockEntity with id pixelmon:pixelmon_spawner
[22:31:49] [Server thread/WARN]: Tried to load a block entity for block Block{minecraft:air} but failed at location BlockPosition{x=904, y=83, z=1207}
[22:32:07] [Server thread/WARN]: Skipping BlockEntity with id pixelmon:pixelmon_spawner
[22:32:07] [Server thread/WARN]: Tried to load a block entity for block Block{minecraft:air} but failed at location BlockPosition{x=963, y=66, z=1643}
[22:32:16] [Server thread/WARN]: Skipping Entity with id pixelmon:dynamax_energy
[22:33:13] [Netty Epoll Server IO #2/WARN]: [ViaBackwards] Untracked entity with id 642
[22:33:33] [Netty Epoll Server IO #2/WARN]: [ViaBackwards] Untracked entity with id 642
[22:33:43] [Server thread/WARN]: Skipping Entity with id pixelmon:npc_nursejoy
[22:33:43] [Server thread/WARN]: Skipping Entity with id pixelmon:npc_shopkeeper
[22:33:43] [Server thread/WARN]: Skipping Entity with id pixelmon:bike
[22:33:44] [Server thread/WARN]: Skipping BlockEntity with id pixelmon:healer
[22:33:44] [Server thread/WARN]: Tried to load a block entity for block Block{minecraft:air} but failed at location BlockPosition{x=984, y=78, z=1420}
[22:33:44] [Server thread/WARN]: Skipping BlockEntity with id pixelmon:healer
[22:33:44] [Server thread/WARN]: Tried to load a block entity for block Block{minecraft:air} but failed at location BlockPosition{x=988, y=78, z=1420}
[22:33:44] [Server thread/WARN]: Skipping BlockEntity with id pixelmon:pc
[22:33:44] [Server thread/WARN]: Tried to load a block entity for block Block{minecraft:air} but failed at location BlockPosition{x=982, y=78, z=1419}
[22:33:44] [Server thread/WARN]: Ignoring unknown attribute 'forge.swimSpeed'
[22:33:44] [Server thread/WARN]: Ignoring unknown attribute 'forge.swimSpeed'
[22:33:44] [Server thread/WARN]: Skipping Entity with id pixelmon:npc_trainer
[22:33:44] [Server thread/WARN]: Skipping Entity with id pixelmon:npc_chatting
[22:33:44] [Server thread/WARN]: Skipping BlockEntity with id pixelmon:pixelmon_spawner
[22:33:44] [Server thread/WARN]: Tried to load a block entity for block Block{minecraft:air} but failed at location BlockPosition{x=1004, y=71, z=1471}
[22:33:44] [Server thread/WARN]: Skipping BlockEntity with id pixelmon:pixelmon_spawner
[22:33:44] [Server thread/WARN]: Tried to load a block entity for block Block{minecraft:air} but failed at location BlockPosition{x=1004, y=71, z=1472}
[22:33:44] [Server thread/WARN]: Skipping BlockEntity with id pixelmon:pixelmon_spawner
[22:33:44] [Server thread/WARN]: Tried to load a block entity for block Block{minecraft:air} but failed at location BlockPosition{x=1000, y=61, z=1537}
[22:33:45] [Server thread/WARN]: Skipping BlockEntity with id pixelmon:pixelmon_spawner
[22:33:45] [Server thread/WARN]: Tried to load a block entity for block Block{minecraft:air} but failed at location BlockPosition{x=1018, y=77, z=1411}
[22:33:45] [Server thread/WARN]: Skipping BlockEntity with id pixelmon:fossil_machine
[22:33:45] [Server thread/WARN]: Tried to load a block entity for block Block{minecraft:air} but failed at location BlockPosition{x=1017, y=79, z=1373}
[22:33:45] [Server thread/WARN]: Skipping BlockEntity with id pixelmon:pc
[22:33:45] [Server thread/WARN]: Tried to load a block entity for block Block{minecraft:air} but failed at location BlockPosition{x=1010, y=79, z=1373}
[22:33:45] [Server thread/WARN]: Skipping BlockEntity with id pixelmon:fossil_machine
[22:33:45] [Server thread/WARN]: Tried to load a block entity for block Block{minecraft:air} but failed at location BlockPosition{x=1013, y=79, z=1373}
[22:33:46] [Server thread/WARN]: Skipping BlockEntity with id pixelmon:pixelmon_spawner
[22:33:46] [Server thread/WARN]: Tried to load a block entity for block Block{minecraft:air} but failed at location BlockPosition{x=1032, y=80, z=1303}
[22:33:47] [Server thread/WARN]: Skipping BlockEntity with id pixelmon:pixelmon_spawner
[22:33:47] [Server thread/WARN]: Tried to load a block entity for block Block{minecraft:air} but failed at location BlockPosition{x=1012, y=59, z=1224}
[22:33:50] [Server thread/WARN]: Skipping Entity with id pixelmon:npc_trainer
[22:33:57] [Server thread/WARN]: Skipping BlockEntity with id pixelmon:pixelmon_spawner
[22:33:57] [Server thread/WARN]: Tried to load a block entity for block Block{minecraft:air} but failed at location BlockPosition{x=1114, y=87, z=1538}
[22:33:58] [Netty Epoll Server IO #2/WARN]: [ViaBackwards] Untracked entity with id 642
[22:34:02] [Server thread/WARN]: Skipping Entity with id pixelmon:dynamax_energy
[22:34:04] [Server thread/ERROR]: Failed to create block entity minecraft:bed
java.lang.ClassCastException: class net.minecraft.world.level.block.BlockAir cannot be cast to class net.minecraft.world.level.block.BlockBed (net.minecraft.world.level.block.BlockAir and net.minecraft.world.level.block.BlockBed are in unnamed module of loader 'app')
	at net.minecraft.world.level.block.entity.BedBlockEntity.<init>(BedBlockEntity.java:14) ~[app:?]
	at net.minecraft.world.level.block.entity.BlockEntityType.create(BlockEntityType.java:84) ~[app:?]
	at net.minecraft.world.level.block.entity.BlockEntity.lambda$loadStatic$0(BlockEntity.java:145) ~[app:?]
	at java.util.Optional.map(Optional.java:260) ~[?:?]
	at net.minecraft.world.level.block.entity.BlockEntity.loadStatic(BlockEntity.java:143) ~[app:?]
	at net.minecraft.world.level.chunk.LevelChunk.promotePendingBlockEntity(LevelChunk.java:1271) ~[app:?]
	at net.minecraft.world.level.chunk.LevelChunk.getBlockEntity(LevelChunk.java:797) ~[app:?]
	at net.minecraft.world.level.chunk.LevelChunk.getBlockEntity(LevelChunk.java:780) ~[app:?]
	at net.minecraft.world.level.chunk.LevelChunk.postProcessGeneration(LevelChunk.java:1251) ~[app:?]
	at net.minecraft.world.level.chunk.LevelChunk.lambda$onNeighbourChange$1(LevelChunk.java:336) ~[app:?]
	at net.minecraft.util.thread.BlockableEventLoop.doRunTask(BlockableEventLoop.java:149) ~[app:?]
	at net.minecraft.server.level.ServerChunkCache$MainThreadExecutor.doRunTask(ServerChunkCache.java:1235) ~[app:?]
	at net.minecraft.util.thread.BlockableEventLoop.pollTask(BlockableEventLoop.java:122) ~[app:?]
	at net.minecraft.server.level.ServerChunkCache$MainThreadExecutor.pollTask(ServerChunkCache.java:1248) ~[app:?]
	at net.minecraft.server.level.ServerChunkCache.pollTask(ServerChunkCache.java:840) ~[app:?]
	at net.minecraft.server.MinecraftServer.pollTaskInternal(MinecraftServer.java:1438) ~[patched_1.17.1.jar:git-Purpur-1428]
	at net.minecraft.server.MinecraftServer.pollTask(MinecraftServer.java:1421) ~[patched_1.17.1.jar:git-Purpur-1428]
	at net.minecraft.util.thread.BlockableEventLoop.managedBlock(BlockableEventLoop.java:132) ~[app:?]
	at net.minecraft.server.MinecraftServer.waitUntilNextTick(MinecraftServer.java:1399) ~[patched_1.17.1.jar:git-Purpur-1428]
	at net.minecraft.server.MinecraftServer.runServer(MinecraftServer.java:1310) ~[patched_1.17.1.jar:git-Purpur-1428]
	at net.minecraft.server.MinecraftServer.lambda$spin$0(MinecraftServer.java:322) ~[patched_1.17.1.jar:git-Purpur-1428]
	at java.lang.Thread.run(Thread.java:840) ~[?:?]
[22:34:04] [Server thread/WARN]: Skipping BlockEntity with id minecraft:bed
[22:34:04] [Server thread/WARN]: Tried to load a block entity for block Block{minecraft:air} but failed at location BlockPosition{x=909, y=86, z=1192}
[22:34:04] [Server thread/WARN]: Skipping BlockEntity with id pixelmon:pixelmon_spawner
[22:34:04] [Server thread/WARN]: Tried to load a block entity for block Block{minecraft:air} but failed at location BlockPosition{x=878, y=82, z=1194}
[22:34:05] [Server thread/WARN]: Skipping BlockEntity with id pixelmon:pixelmon_spawner
[22:34:05] [Server thread/WARN]: Tried to load a block entity for block Block{minecraft:air} but failed at location BlockPosition{x=1144, y=174, z=1169}
[22:34:05] [Server thread/WARN]: Skipping BlockEntity with id pixelmon:pixelmon_spawner
[22:34:05] [Server thread/WARN]: Tried to load a block entity for block Block{minecraft:air} but failed at location BlockPosition{x=1144, y=174, z=1168}
[22:34:18] [Server thread/INFO]: ysyyayyyayya issued server command: /kill
[22:34:18] [Server thread/INFO]: ysyyayyyayya fell out of the world
[22:34:18] [Server thread/INFO]: [ysyyayyyayya: Killed ysyyayyyayya]
[22:34:22] [Server thread/INFO]: ysyyayyyayya lost connection: Disconnected
[22:34:23] [Server thread/INFO]: ysyyayyyayya left the game
[22:34:29] [Server thread/WARN]: Skipping BlockEntity with id pixelmon:pixelmon_spawner
[22:34:29] [Server thread/WARN]: Tried to load a block entity for block Block{minecraft:air} but failed at location BlockPosition{x=1023, y=76, z=1608}
[22:34:29] [Server thread/WARN]: Skipping BlockEntity with id pixelmon:pixelmon_spawner
[22:34:29] [Server thread/WARN]: Tried to load a block entity for block Block{minecraft:air} but failed at location BlockPosition{x=1054, y=73, z=1596}
[22:34:29] [Server thread/WARN]: Skipping BlockEntity with id pixelmon:pixelmon_spawner
[22:34:29] [Server thread/WARN]: Tried to load a block entity for block Block{minecraft:air} but failed at location BlockPosition{x=1044, y=74, z=1590}
[22:34:29] [Server thread/WARN]: Skipping BlockEntity with id pixelmon:pixelmon_spawner
[22:34:29] [Server thread/WARN]: Tried to load a block entity for block Block{minecraft:air} but failed at location BlockPosition{x=1050, y=73, z=1592}
[22:38:41] [Server thread/INFO]: Stopping the server
[22:38:41] [Server thread/INFO]: Stopping server
[22:38:41] [Server thread/INFO]: [ViaRewind-Legacy-Support] Disabling ViaRewind-Legacy-Support v1.4.2
[22:38:41] [Server thread/INFO]: [ViaRewind] Disabling ViaRewind v3.0.6
[22:38:41] [Server thread/INFO]: [ViaBackwards] Disabling ViaBackwards v4.9.2
[22:38:41] [Server thread/INFO]: [ViaVersion] Disabling ViaVersion v4.9.3
[22:38:41] [Server thread/INFO]: [ViaVersion] ViaVersion is disabling, if this is a reload and you experience issues consider rebooting.
[22:38:41] [Server thread/INFO]: Saving players
[22:38:41] [Server thread/INFO]: Saving worlds
[22:38:41] [Server thread/INFO]: Saving chunks for level 'ServerLevel[world]'/minecraft:overworld
[22:38:41] [Server thread/INFO]: Saving chunks for level 'ServerLevel[world_nether]'/minecraft:the_nether
[22:38:41] [Server thread/INFO]: Saving chunks for level 'ServerLevel[world_the_end]'/minecraft:the_end
[22:38:41] [Server thread/INFO]: ThreadedAnvilChunkStorage (world): All chunks are saved
[22:38:41] [Server thread/INFO]: ThreadedAnvilChunkStorage (DIM-1): All chunks are saved
[22:38:41] [Server thread/INFO]: ThreadedAnvilChunkStorage (DIM1): All chunks are saved
[22:38:41] [Server thread/INFO]: ThreadedAnvilChunkStorage: All dimensions are saved
[22:38:41] [Server thread/INFO]: Flushing Chunk IO
[22:38:41] [Server thread/INFO]: Closing Thread Pool
[22:38:41] [Server thread/INFO]: Closing Server
