[15:14:23] [main/INFO]: Environment: authHost='https://authserver.mojang.com', accountsHost='https://api.mojang.com', sessionHost='https://sessionserver.mojang.com', servicesHost='https://api.minecraftservices.com', name='PROD'
[15:14:23] [main/INFO]: Reloading ResourceManager: Default, bukkit
[15:14:24] [Worker-Main-1/INFO]: Loaded 7 recipes
[15:14:25] [Server thread/INFO]: Starting minecraft server version 1.17.1
[15:14:25] [Server thread/INFO]: Loading properties
[15:14:25] [Server thread/INFO]: This server is running Purpur version git-Purpur-1428 (MC: 1.17.1) (Implementing API version 1.17.1-R0.1-SNAPSHOT) (Git: 9beb23b on ver/1.17.1)
[15:14:26] [Server thread/INFO]: Server Ping Player Sample Count: 12
[15:14:26] [Server thread/INFO]: Using 4 threads for Netty based IO
[15:14:26] [Server thread/INFO]: Default game type: SURVIVAL
[15:14:26] [Server thread/INFO]: Generating keypair
[15:14:26] [Server thread/INFO]: Starting Minecraft server on *:25568
[15:14:26] [Server thread/INFO]: Using epoll channel type
[15:14:26] [Server thread/INFO]: Paper: Using libdeflate (Linux x86_64) compression from Velocity.
[15:14:26] [Server thread/INFO]: Paper: Using OpenSSL 1.1.x (Linux x86_64) cipher from Velocity.
[15:14:27] [Server thread/INFO]: [ViaVersion] Loading ViaVersion v4.9.3
[15:14:27] [Server thread/INFO]: [ViaVersion] ViaVersion 4.9.3 is now loaded. Registering protocol transformers and injecting...
[15:14:28] [Via-Mappingloader-0/INFO]: [ViaVersion] Loading block connection mappings ...
[15:14:28] [Server thread/INFO]: [ViaBackwards] Loading translations...
[15:14:28] [Via-Mappingloader-0/INFO]: [ViaVersion] Using FastUtil Long2ObjectOpenHashMap for block connections
[15:14:28] [Server thread/INFO]: [ViaBackwards] Registering protocols...
[15:14:28] [Server thread/INFO]: [ViaBackwards] Loading ViaBackwards v4.9.2
[15:14:28] [Server thread/INFO]: [ViaRewind] Loading ViaRewind v3.0.6
[15:14:28] [Server thread/INFO]: [ViaRewind-Legacy-Support] Loading ViaRewind-Legacy-Support v1.4.2
[15:14:28] [Server thread/INFO]: Server permissions file permissions.yml is empty, ignoring it
[15:14:28] [Server thread/INFO]: [ViaRewind] Enabling ViaRewind v3.0.6
[15:14:28] [Server thread/WARN]: **** SERVER IS RUNNING IN OFFLINE/INSECURE MODE!
[15:14:28] [Server thread/WARN]: The server will make no attempt to authenticate usernames. Beware.
[15:14:28] [Server thread/WARN]: Whilst this makes it possible to use BungeeCord or Velocity, unless access to your server is properly restricted, it also opens up the ability for hackers to connect with any username they choose.
[15:14:28] [Server thread/WARN]: Please see http://www.spigotmc.org/wiki/firewall-guide/ for further information.
[15:14:28] [Server thread/WARN]: To change this, set "online-mode" to "true" in the server.properties file.
[15:14:28] [Server thread/INFO]: Preparing level "world"
[15:14:29] [Server thread/INFO]: Preparing start region for dimension minecraft:overworld
[15:14:29] [Server thread/INFO]: Time elapsed: 596 ms
[15:14:29] [Server thread/INFO]: Preparing start region for dimension minecraft:the_nether
[15:14:30] [Server thread/INFO]: Time elapsed: 433 ms
[15:14:30] [Server thread/INFO]: Preparing start region for dimension minecraft:the_end
[15:14:30] [Server thread/INFO]: Time elapsed: 250 ms
[15:14:30] [Server thread/INFO]: [ViaVersion] Enabling ViaVersion v4.9.3
[15:14:31] [Server thread/INFO]: [ViaVersion] ViaVersion detected server version: 1.17.1 (756)
[15:14:31] [Server thread/INFO]: [ViaBackwards] Enabling ViaBackwards v4.9.2
[15:14:31] [Server thread/INFO]: [ViaRewind-Legacy-Support] Enabling ViaRewind-Legacy-Support v1.4.2
[15:14:31] [Server thread/INFO]: Running delayed init tasks
[15:14:31] [Craft Scheduler Thread - 2 - ViaVersion/INFO]: [ViaVersion] Finished mapping loading, shutting down loader executor!
[15:14:31] [Server thread/INFO]: Done (5.714s)! For help, type "help"
[15:14:31] [Server thread/INFO]: Timings Reset
[15:14:32] [Server thread/WARN]: [ViaVersion] There is a newer plugin version available: 5.2.1, you're on: 4.9.3
[15:14:34] [Server thread/WARN]: Ignoring unknown attribute 'forge:entity_gravity'
[15:14:34] [Server thread/WARN]: Ignoring unknown attribute 'forge:entity_gravity'
[15:14:34] [Server thread/WARN]: Ignoring unknown attribute 'forge:entity_gravity'
[15:18:52] [User Authenticator #1/INFO]: UUID of player ysyyayyyayya is 6cd4e570-7a49-3521-8e89-4b4b5c6269c5
[15:18:52] [Server thread/INFO]: ysyyayyyayya joined the game
[15:18:52] [Server thread/INFO]: ysyyayyyayya[/[0:0:0:0:0:0:0:1]:59278] logged in with entity id 31 at ([world]-242.5, 94.0, 69.5)
[15:18:53] [Netty Epoll Server IO #1/WARN]: [ViaBackwards] Ignoring plugin channel in incoming REGISTER: EAG|UpdateCert-1.8
[15:18:53] [Netty Epoll Server IO #1/WARN]: [ViaBackwards] Ignoring plugin channel in incoming REGISTER: FML
[15:18:53] [Netty Epoll Server IO #1/WARN]: [ViaBackwards] Ignoring plugin channel in incoming REGISTER: EAG|Skins-1.8
[15:18:53] [Netty Epoll Server IO #1/WARN]: [ViaBackwards] Ignoring plugin channel in incoming REGISTER: FORGE
[15:19:12] [Server thread/INFO]: ysyyayyyayya issued server command: /gamemode creative
[15:19:12] [Server thread/INFO]: [ysyyayyyayya: Set own game mode to Creative Mode]
[15:19:13] [Server thread/WARN]: Ignoring unknown attribute 'forge:entity_gravity'
[15:19:13] [Server thread/WARN]: Ignoring unknown attribute 'forge:entity_gravity'
[15:19:13] [Server thread/WARN]: Ignoring unknown attribute 'forge:entity_gravity'
[15:19:13] [Server thread/WARN]: Ignoring unknown attribute 'forge:entity_gravity'
[15:19:13] [Server thread/WARN]: Ignoring unknown attribute 'forge:entity_gravity'
[15:19:13] [Server thread/WARN]: Ignoring unknown attribute 'forge:entity_gravity'
[15:19:13] [Server thread/WARN]: Ignoring unknown attribute 'forge:entity_gravity'
[15:19:13] [Server thread/WARN]: Ignoring unknown attribute 'forge:entity_gravity'
[15:19:13] [Server thread/WARN]: Ignoring unknown attribute 'forge:entity_gravity'
[15:19:13] [Server thread/WARN]: Ignoring unknown attribute 'forge:entity_gravity'
[15:19:13] [Server thread/WARN]: Ignoring unknown attribute 'forge:entity_gravity'
[15:19:13] [Server thread/WARN]: Ignoring unknown attribute 'forge:entity_gravity'
[15:19:13] [Server thread/WARN]: Ignoring unknown attribute 'forge:entity_gravity'
[15:19:13] [Server thread/WARN]: Ignoring unknown attribute 'forge:entity_gravity'
[15:19:13] [Server thread/WARN]: Ignoring unknown attribute 'forge:entity_gravity'
[15:19:13] [Server thread/WARN]: Ignoring unknown attribute 'forge:entity_gravity'
[15:19:13] [Server thread/WARN]: Ignoring unknown attribute 'forge:entity_gravity'
[15:19:13] [Server thread/WARN]: Ignoring unknown attribute 'forge:entity_gravity'
[15:19:13] [Server thread/WARN]: Ignoring unknown attribute 'forge:entity_gravity'
[15:19:13] [Server thread/WARN]: Ignoring unknown attribute 'forge:entity_gravity'
[15:19:13] [Server thread/WARN]: Ignoring unknown attribute 'forge:entity_gravity'
[15:19:13] [Server thread/WARN]: Ignoring unknown attribute 'forge:entity_gravity'
[15:19:13] [Server thread/WARN]: Ignoring unknown attribute 'forge:entity_gravity'
[15:19:13] [Server thread/WARN]: Ignoring unknown attribute 'forge:entity_gravity'
[15:19:13] [Server thread/WARN]: Ignoring unknown attribute 'forge:entity_gravity'
[15:19:13] [Server thread/WARN]: Ignoring unknown attribute 'forge:entity_gravity'
[15:19:13] [Server thread/WARN]: Ignoring unknown attribute 'forge:entity_gravity'
[15:19:13] [Server thread/WARN]: Ignoring unknown attribute 'forge:entity_gravity'
[15:19:13] [Server thread/WARN]: Ignoring unknown attribute 'forge:entity_gravity'
[15:19:13] [Server thread/WARN]: Ignoring unknown attribute 'forge:entity_gravity'
[15:19:13] [Server thread/WARN]: Ignoring unknown attribute 'forge:entity_gravity'
[15:19:13] [Server thread/WARN]: Ignoring unknown attribute 'forge:entity_gravity'
[15:19:13] [Server thread/WARN]: Ignoring unknown attribute 'forge:entity_gravity'
[15:19:13] [Server thread/WARN]: Ignoring unknown attribute 'forge:entity_gravity'
[15:19:13] [Server thread/WARN]: Ignoring unknown attribute 'forge:entity_gravity'
[15:19:13] [Server thread/WARN]: Ignoring unknown attribute 'forge:entity_gravity'
[15:19:13] [Server thread/WARN]: Ignoring unknown attribute 'forge:entity_gravity'
[15:19:13] [Server thread/WARN]: Ignoring unknown attribute 'forge:entity_gravity'
[15:19:13] [Server thread/WARN]: Ignoring unknown attribute 'forge:entity_gravity'
[15:19:13] [Server thread/WARN]: Ignoring unknown attribute 'forge:entity_gravity'
[15:19:13] [Server thread/WARN]: Ignoring unknown attribute 'forge:nametag_distance'
[15:19:13] [Server thread/WARN]: Ignoring unknown attribute 'forge:entity_gravity'
[15:19:13] [Server thread/WARN]: Ignoring unknown attribute 'forge:nametag_distance'
[15:19:13] [Server thread/WARN]: Ignoring unknown attribute 'forge:entity_gravity'
[15:19:13] [Server thread/WARN]: Ignoring unknown attribute 'forge:entity_gravity'
[15:19:16] [Server thread/WARN]: Ignoring unknown attribute 'forge:entity_gravity'
[15:19:16] [Server thread/WARN]: Ignoring unknown attribute 'forge:entity_gravity'
[15:19:16] [Server thread/WARN]: Ignoring unknown attribute 'forge:entity_gravity'
[15:19:16] [Server thread/WARN]: Ignoring unknown attribute 'forge:entity_gravity'
[15:19:16] [Server thread/WARN]: Ignoring unknown attribute 'forge:entity_gravity'
[15:19:16] [Server thread/WARN]: Ignoring unknown attribute 'forge:entity_gravity'
[15:19:16] [Server thread/WARN]: Ignoring unknown attribute 'forge:entity_gravity'
[15:19:16] [Server thread/WARN]: Ignoring unknown attribute 'forge:entity_gravity'
[15:19:16] [Server thread/WARN]: Ignoring unknown attribute 'forge:entity_gravity'
[15:19:16] [Server thread/WARN]: Ignoring unknown attribute 'forge:entity_gravity'
[15:19:16] [Server thread/WARN]: Ignoring unknown attribute 'forge:entity_gravity'
[15:19:16] [Server thread/WARN]: Ignoring unknown attribute 'forge:entity_gravity'
[15:19:16] [Server thread/WARN]: Ignoring unknown attribute 'forge:entity_gravity'
[15:19:16] [Server thread/WARN]: Ignoring unknown attribute 'forge:entity_gravity'
[15:19:16] [Server thread/WARN]: Ignoring unknown attribute 'forge:entity_gravity'
[15:19:16] [Server thread/WARN]: Ignoring unknown attribute 'forge:entity_gravity'
[15:19:16] [Server thread/WARN]: Ignoring unknown attribute 'forge:entity_gravity'
[15:19:16] [Server thread/WARN]: Ignoring unknown attribute 'forge:entity_gravity'
[15:19:16] [Server thread/WARN]: Ignoring unknown attribute 'forge:entity_gravity'
[15:19:16] [Server thread/WARN]: Ignoring unknown attribute 'forge:entity_gravity'
[15:19:16] [Server thread/WARN]: Ignoring unknown attribute 'forge:entity_gravity'
[15:19:16] [Server thread/WARN]: Ignoring unknown attribute 'forge:entity_gravity'
[15:19:16] [Server thread/WARN]: Ignoring unknown attribute 'forge:entity_gravity'
[15:19:16] [Server thread/WARN]: Ignoring unknown attribute 'forge:entity_gravity'
[15:19:16] [Server thread/WARN]: Ignoring unknown attribute 'forge:entity_gravity'
[15:19:16] [Server thread/WARN]: Ignoring unknown attribute 'forge:entity_gravity'
[15:19:16] [Server thread/WARN]: Ignoring unknown attribute 'forge:entity_gravity'
[15:19:16] [Server thread/WARN]: Ignoring unknown attribute 'forge:entity_gravity'
[15:19:16] [Server thread/WARN]: Ignoring unknown attribute 'forge:entity_gravity'
[15:19:16] [Server thread/WARN]: Ignoring unknown attribute 'forge:entity_gravity'
[15:19:16] [Server thread/WARN]: Ignoring unknown attribute 'forge:entity_gravity'
[15:19:16] [Server thread/WARN]: Ignoring unknown attribute 'forge:entity_gravity'
[15:19:16] [Server thread/WARN]: Ignoring unknown attribute 'forge:entity_gravity'
[15:19:16] [Server thread/WARN]: Ignoring unknown attribute 'forge:entity_gravity'
[15:19:16] [Server thread/WARN]: Ignoring unknown attribute 'forge:entity_gravity'
[15:19:16] [Server thread/WARN]: Ignoring unknown attribute 'forge:entity_gravity'
[15:19:16] [Server thread/WARN]: Ignoring unknown attribute 'forge:entity_gravity'
[15:19:16] [Server thread/WARN]: Ignoring unknown attribute 'forge:entity_gravity'
[15:19:16] [Server thread/WARN]: Ignoring unknown attribute 'forge:entity_gravity'
[15:19:16] [Server thread/WARN]: Ignoring unknown attribute 'forge:entity_gravity'
[15:19:16] [Server thread/WARN]: Ignoring unknown attribute 'forge:nametag_distance'
[15:19:16] [Server thread/WARN]: Ignoring unknown attribute 'forge:entity_gravity'
[15:19:16] [Server thread/WARN]: Ignoring unknown attribute 'forge:nametag_distance'
[15:19:16] [Server thread/WARN]: Ignoring unknown attribute 'forge:entity_gravity'
[15:19:16] [Server thread/WARN]: Ignoring unknown attribute 'forge:entity_gravity'
[15:19:18] [Server thread/WARN]: Ignoring unknown attribute 'forge:entity_gravity'
[15:19:18] [Server thread/WARN]: Ignoring unknown attribute 'forge:entity_gravity'
[15:19:18] [Server thread/WARN]: Ignoring unknown attribute 'forge:entity_gravity'
[15:19:18] [Server thread/WARN]: Ignoring unknown attribute 'forge:entity_gravity'
[15:19:18] [Server thread/WARN]: Ignoring unknown attribute 'forge:entity_gravity'
[15:19:18] [Server thread/WARN]: Ignoring unknown attribute 'forge:entity_gravity'
[15:19:18] [Server thread/WARN]: Ignoring unknown attribute 'forge:entity_gravity'
[15:19:18] [Server thread/WARN]: Ignoring unknown attribute 'forge:entity_gravity'
[15:19:18] [Server thread/WARN]: Ignoring unknown attribute 'forge:entity_gravity'
[15:19:18] [Server thread/WARN]: Ignoring unknown attribute 'forge:entity_gravity'
[15:19:18] [Server thread/WARN]: Ignoring unknown attribute 'forge:entity_gravity'
[15:19:18] [Server thread/WARN]: Ignoring unknown attribute 'forge:entity_gravity'
[15:19:18] [Server thread/WARN]: Ignoring unknown attribute 'forge:entity_gravity'
[15:19:18] [Server thread/WARN]: Ignoring unknown attribute 'forge:entity_gravity'
[15:19:18] [Server thread/WARN]: Ignoring unknown attribute 'forge:entity_gravity'
[15:19:18] [Server thread/WARN]: Ignoring unknown attribute 'forge:entity_gravity'
[15:19:18] [Server thread/WARN]: Ignoring unknown attribute 'forge:entity_gravity'
[15:19:18] [Server thread/WARN]: Ignoring unknown attribute 'forge:nametag_distance'
[15:19:18] [Server thread/WARN]: Ignoring unknown attribute 'forge:entity_gravity'
[15:19:18] [Server thread/WARN]: Ignoring unknown attribute 'forge:nametag_distance'
[15:19:18] [Server thread/WARN]: Ignoring unknown attribute 'forge:entity_gravity'
[15:19:18] [Server thread/WARN]: Ignoring unknown attribute 'forge:entity_gravity'
[15:19:18] [Server thread/WARN]: Ignoring unknown attribute 'forge:nametag_distance'
[15:19:18] [Server thread/WARN]: Ignoring unknown attribute 'forge:entity_gravity'
[15:19:18] [Server thread/WARN]: Ignoring unknown attribute 'forge:nametag_distance'
[15:19:18] [Server thread/WARN]: Ignoring unknown attribute 'forge:entity_gravity'
[15:19:18] [Server thread/WARN]: Ignoring unknown attribute 'forge:nametag_distance'
[15:19:18] [Server thread/WARN]: Ignoring unknown attribute 'forge:entity_gravity'
[15:19:18] [Server thread/WARN]: Ignoring unknown attribute 'forge:nametag_distance'
[15:19:18] [Server thread/WARN]: Ignoring unknown attribute 'forge:entity_gravity'
[15:19:18] [Server thread/WARN]: Ignoring unknown attribute 'forge:nametag_distance'
[15:19:18] [Server thread/WARN]: Ignoring unknown attribute 'forge:entity_gravity'
[15:19:18] [Server thread/WARN]: Ignoring unknown attribute 'forge:entity_gravity'
[15:19:18] [Server thread/WARN]: Ignoring unknown attribute 'forge:entity_gravity'
[15:19:18] [Server thread/WARN]: Ignoring unknown attribute 'forge:entity_gravity'
[15:19:18] [Server thread/WARN]: Ignoring unknown attribute 'forge:entity_gravity'
[15:19:19] [Server thread/WARN]: Ignoring unknown attribute 'forge:entity_gravity'
[15:19:19] [Server thread/WARN]: Ignoring unknown attribute 'forge:entity_gravity'
[15:19:19] [Server thread/WARN]: Ignoring unknown attribute 'forge:entity_gravity'
[15:19:19] [Server thread/WARN]: Ignoring unknown attribute 'forge:entity_gravity'
[15:19:19] [Server thread/WARN]: Ignoring unknown attribute 'forge:entity_gravity'
[15:19:19] [Server thread/WARN]: Ignoring unknown attribute 'forge:entity_gravity'
[15:19:19] [Server thread/WARN]: Ignoring unknown attribute 'forge:entity_gravity'
[15:19:19] [Server thread/WARN]: Ignoring unknown attribute 'forge:entity_gravity'
[15:19:19] [Server thread/WARN]: Ignoring unknown attribute 'forge:entity_gravity'
[15:19:19] [Server thread/WARN]: Ignoring unknown attribute 'forge:entity_gravity'
[15:19:19] [Server thread/WARN]: Ignoring unknown attribute 'forge:entity_gravity'
[15:19:19] [Server thread/WARN]: Ignoring unknown attribute 'forge:entity_gravity'
[15:19:19] [Server thread/WARN]: Ignoring unknown attribute 'forge:entity_gravity'
[15:19:19] [Server thread/WARN]: Ignoring unknown attribute 'forge:entity_gravity'
[15:19:19] [Server thread/WARN]: Ignoring unknown attribute 'forge:entity_gravity'
[15:19:19] [Server thread/WARN]: Ignoring unknown attribute 'forge:entity_gravity'
[15:19:19] [Server thread/WARN]: Ignoring unknown attribute 'forge:entity_gravity'
[15:19:19] [Server thread/WARN]: Ignoring unknown attribute 'forge:entity_gravity'
[15:19:19] [Server thread/WARN]: Ignoring unknown attribute 'forge:entity_gravity'
[15:19:19] [Server thread/WARN]: Ignoring unknown attribute 'forge:entity_gravity'
[15:19:19] [Server thread/WARN]: Ignoring unknown attribute 'forge:entity_gravity'
[15:19:19] [Server thread/WARN]: Ignoring unknown attribute 'forge:entity_gravity'
[15:19:19] [Server thread/WARN]: Ignoring unknown attribute 'forge:entity_gravity'
[15:19:19] [Server thread/WARN]: Ignoring unknown attribute 'forge:entity_gravity'
[15:19:19] [Server thread/WARN]: Ignoring unknown attribute 'forge:entity_gravity'
[15:19:19] [Server thread/WARN]: Ignoring unknown attribute 'forge:entity_gravity'
[15:19:19] [Server thread/WARN]: Ignoring unknown attribute 'forge:entity_gravity'
[15:19:19] [Server thread/WARN]: Ignoring unknown attribute 'forge:entity_gravity'
[15:19:19] [Server thread/WARN]: Ignoring unknown attribute 'forge:entity_gravity'
[15:19:19] [Server thread/WARN]: Ignoring unknown attribute 'forge:entity_gravity'
[15:19:19] [Server thread/WARN]: Ignoring unknown attribute 'forge:entity_gravity'
[15:19:19] [Server thread/WARN]: Ignoring unknown attribute 'forge:entity_gravity'
[15:19:19] [Server thread/WARN]: Ignoring unknown attribute 'forge:entity_gravity'
[15:19:19] [Server thread/WARN]: Ignoring unknown attribute 'forge:entity_gravity'
[15:19:19] [Server thread/WARN]: Ignoring unknown attribute 'forge:entity_gravity'
[15:19:19] [Server thread/WARN]: Ignoring unknown attribute 'forge:entity_gravity'
[15:19:19] [Server thread/WARN]: Ignoring unknown attribute 'forge:entity_gravity'
[15:19:19] [Server thread/WARN]: Ignoring unknown attribute 'forge:entity_gravity'
[15:19:19] [Server thread/WARN]: Ignoring unknown attribute 'forge:entity_gravity'
[15:19:19] [Server thread/WARN]: Ignoring unknown attribute 'forge:entity_gravity'
[15:19:19] [Server thread/WARN]: Ignoring unknown attribute 'forge:entity_gravity'
[15:19:19] [Server thread/WARN]: Ignoring unknown attribute 'forge:entity_gravity'
[15:19:19] [Server thread/WARN]: Ignoring unknown attribute 'forge:entity_gravity'
[15:19:19] [Server thread/WARN]: Ignoring unknown attribute 'forge:entity_gravity'
[15:19:19] [Server thread/WARN]: Ignoring unknown attribute 'forge:entity_gravity'
[15:19:19] [Server thread/WARN]: Ignoring unknown attribute 'forge:entity_gravity'
[15:19:19] [Server thread/WARN]: Ignoring unknown attribute 'forge:entity_gravity'
[15:19:19] [Server thread/WARN]: Ignoring unknown attribute 'forge:entity_gravity'
[15:19:19] [Server thread/WARN]: Ignoring unknown attribute 'forge:entity_gravity'
[15:19:19] [Server thread/WARN]: Ignoring unknown attribute 'forge:entity_gravity'
[15:19:19] [Server thread/WARN]: Ignoring unknown attribute 'forge:entity_gravity'
[15:19:19] [Server thread/WARN]: Ignoring unknown attribute 'forge:entity_gravity'
[15:19:19] [Server thread/WARN]: Ignoring unknown attribute 'forge:entity_gravity'
[15:19:19] [Server thread/WARN]: Ignoring unknown attribute 'forge:entity_gravity'
[15:19:19] [Server thread/WARN]: Ignoring unknown attribute 'forge:entity_gravity'
[15:19:19] [Server thread/WARN]: Ignoring unknown attribute 'forge:entity_gravity'
[15:19:19] [Server thread/WARN]: Ignoring unknown attribute 'forge:entity_gravity'
[15:19:19] [Server thread/WARN]: Ignoring unknown attribute 'forge:entity_gravity'
[15:19:19] [Server thread/WARN]: Ignoring unknown attribute 'forge:entity_gravity'
[15:19:19] [Server thread/WARN]: Ignoring unknown attribute 'forge:entity_gravity'
[15:19:19] [Server thread/WARN]: Ignoring unknown attribute 'forge:entity_gravity'
[15:19:19] [Server thread/WARN]: Ignoring unknown attribute 'forge:entity_gravity'
[15:19:19] [Server thread/WARN]: Ignoring unknown attribute 'forge:entity_gravity'
[15:19:19] [Server thread/WARN]: Ignoring unknown attribute 'forge:entity_gravity'
[15:19:19] [Server thread/WARN]: Ignoring unknown attribute 'forge:entity_gravity'
[15:19:19] [Server thread/WARN]: Ignoring unknown attribute 'forge:entity_gravity'
[15:19:19] [Server thread/WARN]: Ignoring unknown attribute 'forge:entity_gravity'
[15:19:19] [Server thread/WARN]: Ignoring unknown attribute 'forge:entity_gravity'
[15:19:19] [Server thread/WARN]: Ignoring unknown attribute 'forge:entity_gravity'
[15:19:19] [Server thread/WARN]: Ignoring unknown attribute 'forge:entity_gravity'
[15:19:19] [Server thread/WARN]: Ignoring unknown attribute 'forge:entity_gravity'
[15:19:19] [Server thread/WARN]: Ignoring unknown attribute 'forge:entity_gravity'
[15:19:19] [Server thread/WARN]: Ignoring unknown attribute 'forge:entity_gravity'
[15:19:19] [Server thread/WARN]: Ignoring unknown attribute 'forge:entity_gravity'
[15:19:19] [Server thread/WARN]: Ignoring unknown attribute 'forge:entity_gravity'
[15:19:19] [Server thread/WARN]: Ignoring unknown attribute 'forge:entity_gravity'
[15:19:19] [Server thread/WARN]: Ignoring unknown attribute 'forge:entity_gravity'
[15:19:19] [Server thread/WARN]: Ignoring unknown attribute 'forge:entity_gravity'
[15:19:19] [Server thread/WARN]: Ignoring unknown attribute 'forge:entity_gravity'
[15:19:19] [Server thread/WARN]: Ignoring unknown attribute 'forge:entity_gravity'
[15:19:19] [Server thread/WARN]: Ignoring unknown attribute 'forge:entity_gravity'
[15:19:19] [Server thread/WARN]: Ignoring unknown attribute 'forge:entity_gravity'
[15:19:19] [Server thread/WARN]: Ignoring unknown attribute 'forge:entity_gravity'
[15:19:19] [Server thread/WARN]: Ignoring unknown attribute 'forge:entity_gravity'
[15:19:19] [Server thread/WARN]: Ignoring unknown attribute 'forge:entity_gravity'
[15:19:19] [Server thread/WARN]: Ignoring unknown attribute 'forge:entity_gravity'
[15:19:19] [Server thread/WARN]: Ignoring unknown attribute 'forge:entity_gravity'
[15:19:19] [Server thread/WARN]: Ignoring unknown attribute 'forge:entity_gravity'
[15:19:19] [Server thread/WARN]: Ignoring unknown attribute 'forge:entity_gravity'
[15:19:19] [Server thread/WARN]: Ignoring unknown attribute 'forge:entity_gravity'
[15:19:19] [Server thread/WARN]: Ignoring unknown attribute 'forge:entity_gravity'
[15:19:19] [Server thread/WARN]: Ignoring unknown attribute 'forge:entity_gravity'
[15:19:19] [Server thread/WARN]: Ignoring unknown attribute 'forge:entity_gravity'
[15:19:19] [Server thread/WARN]: Ignoring unknown attribute 'forge:entity_gravity'
[15:19:19] [Server thread/WARN]: Ignoring unknown attribute 'forge:entity_gravity'
[15:19:19] [Server thread/WARN]: Ignoring unknown attribute 'forge:nametag_distance'
[15:19:19] [Server thread/WARN]: Ignoring unknown attribute 'forge:entity_gravity'
[15:19:19] [Server thread/WARN]: Ignoring unknown attribute 'forge:entity_gravity'
[15:19:20] [Server thread/WARN]: Ignoring unknown attribute 'forge:entity_gravity'
[15:19:20] [Server thread/WARN]: Ignoring unknown attribute 'forge:entity_gravity'
[15:19:20] [Server thread/WARN]: Ignoring unknown attribute 'forge:entity_gravity'
[15:19:20] [Server thread/WARN]: Ignoring unknown attribute 'forge:entity_gravity'
[15:19:20] [Server thread/WARN]: Ignoring unknown attribute 'forge:entity_gravity'
[15:19:20] [Server thread/WARN]: Ignoring unknown attribute 'forge:entity_gravity'
[15:19:20] [Server thread/WARN]: Ignoring unknown attribute 'forge:swim_speed'
[15:19:20] [Server thread/WARN]: Ignoring unknown attribute 'forge:entity_gravity'
[15:19:20] [Server thread/WARN]: Ignoring unknown attribute 'forge:entity_gravity'
[15:19:21] [Server thread/WARN]: Ignoring unknown attribute 'forge:entity_gravity'
[15:19:21] [Server thread/WARN]: Ignoring unknown attribute 'forge:entity_gravity'
[15:19:21] [Server thread/WARN]: Ignoring unknown attribute 'forge:entity_gravity'
[15:19:21] [Server thread/WARN]: Ignoring unknown attribute 'forge:entity_gravity'
[15:19:21] [Server thread/WARN]: Ignoring unknown attribute 'forge:entity_gravity'
[15:19:21] [Server thread/WARN]: Ignoring unknown attribute 'forge:entity_gravity'
[15:19:21] [Server thread/WARN]: Ignoring unknown attribute 'forge:entity_gravity'
[15:19:21] [Server thread/WARN]: Ignoring unknown attribute 'forge:entity_gravity'
[15:19:21] [Server thread/WARN]: Ignoring unknown attribute 'forge:entity_gravity'
[15:19:21] [Server thread/WARN]: Ignoring unknown attribute 'forge:entity_gravity'
[15:19:22] [Server thread/WARN]: Ignoring unknown attribute 'forge:entity_gravity'
[15:19:22] [Server thread/WARN]: Ignoring unknown attribute 'forge:entity_gravity'
[15:19:22] [Server thread/WARN]: Ignoring unknown attribute 'forge:entity_gravity'
[15:19:22] [Server thread/WARN]: Ignoring unknown attribute 'forge:entity_gravity'
[15:19:22] [Server thread/WARN]: Ignoring unknown attribute 'forge:entity_gravity'
[15:19:22] [Server thread/WARN]: Ignoring unknown attribute 'forge:entity_gravity'
[15:19:22] [Server thread/WARN]: Ignoring unknown attribute 'forge:entity_gravity'
[15:19:23] [Server thread/WARN]: Ignoring unknown attribute 'forge:entity_gravity'
[15:19:25] [Server thread/WARN]: Ignoring unknown attribute 'forge:entity_gravity'
[15:19:25] [Server thread/WARN]: Ignoring unknown attribute 'forge:entity_gravity'
[15:19:29] [Server thread/WARN]: Ignoring unknown attribute 'forge:nametag_distance'
[15:19:29] [Server thread/WARN]: Ignoring unknown attribute 'forge:entity_gravity'
[15:19:29] [Server thread/WARN]: Ignoring unknown attribute 'forge:nametag_distance'
[15:19:29] [Server thread/WARN]: Ignoring unknown attribute 'forge:entity_gravity'
[15:19:29] [Server thread/WARN]: Ignoring unknown attribute 'forge:entity_gravity'
[15:19:29] [Server thread/WARN]: Ignoring unknown attribute 'forge:entity_gravity'
[15:19:30] [Server thread/WARN]: Ignoring unknown attribute 'forge:entity_gravity'
[15:19:30] [Server thread/WARN]: Ignoring unknown attribute 'forge:nametag_distance'
[15:19:30] [Server thread/WARN]: Ignoring unknown attribute 'forge:entity_gravity'
[15:19:30] [Server thread/WARN]: Ignoring unknown attribute 'forge:nametag_distance'
[15:19:30] [Server thread/WARN]: Ignoring unknown attribute 'forge:entity_gravity'
[15:19:30] [Server thread/WARN]: Ignoring unknown attribute 'forge:entity_gravity'
[15:19:48] [Server thread/WARN]: Ignoring unknown attribute 'forge:entity_gravity'
[15:19:48] [Server thread/WARN]: Ignoring unknown attribute 'forge:entity_gravity'
[15:19:48] [Server thread/WARN]: Ignoring unknown attribute 'forge:entity_gravity'
[15:19:48] [Server thread/WARN]: Ignoring unknown attribute 'forge:entity_gravity'
[15:19:48] [Server thread/WARN]: Ignoring unknown attribute 'forge:entity_gravity'
[15:19:50] [Server thread/WARN]: Ignoring unknown attribute 'forge:entity_gravity'
[15:19:51] [Server thread/WARN]: Ignoring unknown attribute 'forge:entity_gravity'
[15:20:16] [Server thread/WARN]: Ignoring unknown attribute 'forge:entity_gravity'
[15:20:16] [Server thread/WARN]: Ignoring unknown attribute 'forge:entity_gravity'
[15:20:16] [Server thread/WARN]: Ignoring unknown attribute 'forge:entity_gravity'
[15:20:16] [Server thread/WARN]: Ignoring unknown attribute 'forge:entity_gravity'
[15:20:17] [Server thread/WARN]: Ignoring unknown attribute 'forge:entity_gravity'
[15:20:41] [Server thread/INFO]: ysyyayyyayya has made the advancement [The End?]
[15:20:41] [Server thread/INFO]: Scanning for legacy world dragon fight...
[15:20:41] [Server thread/INFO]: Found that the dragon has not yet been killed in this world.
[15:20:50] [Server thread/INFO]: ysyyayyyayya issued server command: /tp 0 0 100
[15:20:50] [Server thread/INFO]: [ysyyayyyayya: Teleported ysyyayyyayya to 0.500000, 0.000000, 100.500000]
[15:20:55] [Server thread/INFO]: ysyyayyyayya fell out of the world
[15:21:06] [Server thread/INFO]: ysyyayyyayya issued server command: /tp 0 100 0
[15:21:06] [Server thread/INFO]: [ysyyayyyayya: Teleported ysyyayyyayya to 0.500000, 100.000000, 0.500000]
[15:22:09] [Server thread/INFO]: ysyyayyyayya has made the advancement [A Seedy Place]
[15:22:17] [Server thread/INFO]: ysyyayyyayya lost connection: Disconnected
[15:22:17] [Server thread/INFO]: ysyyayyyayya left the game
[15:22:54] [Server thread/INFO]: Stopping the server
[15:22:54] [Server thread/INFO]: Stopping server
[15:22:54] [Server thread/INFO]: [ViaRewind-Legacy-Support] Disabling ViaRewind-Legacy-Support v1.4.2
[15:22:54] [Server thread/INFO]: [ViaRewind] Disabling ViaRewind v3.0.6
[15:22:54] [Server thread/INFO]: [ViaBackwards] Disabling ViaBackwards v4.9.2
[15:22:54] [Server thread/INFO]: [ViaVersion] Disabling ViaVersion v4.9.3
[15:22:54] [Server thread/INFO]: [ViaVersion] ViaVersion is disabling, if this is a reload and you experience issues consider rebooting.
[15:22:54] [Server thread/INFO]: Saving players
[15:22:54] [Server thread/INFO]: Saving worlds
[15:22:54] [Server thread/INFO]: Saving chunks for level 'ServerLevel[world]'/minecraft:overworld
[15:22:55] [Server thread/INFO]: Saving chunks for level 'ServerLevel[world_nether]'/minecraft:the_nether
[15:22:55] [Server thread/INFO]: Saving chunks for level 'ServerLevel[world_the_end]'/minecraft:the_end
[15:22:55] [Server thread/INFO]: ThreadedAnvilChunkStorage (world): All chunks are saved
[15:22:55] [Server thread/INFO]: ThreadedAnvilChunkStorage (DIM-1): All chunks are saved
[15:22:55] [Server thread/INFO]: ThreadedAnvilChunkStorage (DIM1): All chunks are saved
[15:22:55] [Server thread/INFO]: ThreadedAnvilChunkStorage: All dimensions are saved
[15:22:55] [Server thread/INFO]: Flushing Chunk IO
[15:22:55] [Server thread/INFO]: Closing Thread Pool
[15:22:55] [Server thread/INFO]: Closing Server
