[20:58:11] [main/INFO]: Environment: authHost='https://authserver.mojang.com', accountsHost='https://api.mojang.com', sessionHost='https://sessionserver.mojang.com', servicesHost='https://api.minecraftservices.com', name='PROD'
[20:58:11] [main/INFO]: Reloading ResourceManager: Default, bukkit
[20:58:12] [Worker-Main-1/INFO]: Loaded 7 recipes
[20:58:13] [Server thread/INFO]: Starting minecraft server version 1.17.1
[20:58:13] [Server thread/INFO]: Loading properties
[20:58:13] [Server thread/INFO]: This server is running Purpur version git-Purpur-1428 (MC: 1.17.1) (Implementing API version 1.17.1-R0.1-SNAPSHOT) (Git: 9beb23b on ver/1.17.1)
[20:58:13] [Server thread/INFO]: Server Ping Player Sample Count: 12
[20:58:13] [Server thread/INFO]: Using 4 threads for Netty based IO
[20:58:13] [Server thread/INFO]: Default game type: SURVIVAL
[20:58:13] [Server thread/INFO]: Generating keypair
[20:58:13] [Server thread/INFO]: Starting Minecraft server on *:25566
[20:58:13] [Server thread/INFO]: Using epoll channel type
[20:58:13] [Server thread/INFO]: Paper: Using libdeflate (Linux x86_64) compression from Velocity.
[20:58:13] [Server thread/INFO]: Paper: Using OpenSSL 1.1.x (Linux x86_64) cipher from Velocity.
[20:58:14] [Server thread/INFO]: [ViaVersion] Loading ViaVersion v4.9.3
[20:58:14] [Server thread/INFO]: [ViaVersion] ViaVersion 4.9.3 is now loaded. Registering protocol transformers and injecting...
[20:58:14] [Via-Mappingloader-0/INFO]: [ViaVersion] Loading block connection mappings ...
[20:58:15] [Server thread/INFO]: [ViaBackwards] Loading translations...
[20:58:15] [Server thread/INFO]: [ViaBackwards] Registering protocols...
[20:58:15] [Via-Mappingloader-0/INFO]: [ViaVersion] Using FastUtil Long2ObjectOpenHashMap for block connections
[20:58:15] [Server thread/INFO]: [ViaBackwards] Loading ViaBackwards v4.9.2
[20:58:15] [Server thread/INFO]: [ViaRewind] Loading ViaRewind v3.0.6
[20:58:15] [Server thread/INFO]: [ViaRewind-Legacy-Support] Loading ViaRewind-Legacy-Support v1.4.2
[20:58:15] [Server thread/INFO]: Server permissions file permissions.yml is empty, ignoring it
[20:58:15] [Server thread/INFO]: [ViaRewind] Enabling ViaRewind v3.0.6
[20:58:15] [Server thread/WARN]: **** SERVER IS RUNNING IN OFFLINE/INSECURE MODE!
[20:58:15] [Server thread/WARN]: The server will make no attempt to authenticate usernames. Beware.
[20:58:15] [Server thread/WARN]: Whilst this makes it possible to use BungeeCord or Velocity, unless access to your server is properly restricted, it also opens up the ability for hackers to connect with any username they choose.
[20:58:15] [Server thread/WARN]: Please see http://www.spigotmc.org/wiki/firewall-guide/ for further information.
[20:58:15] [Server thread/WARN]: To change this, set "online-mode" to "true" in the server.properties file.
[20:58:15] [Server thread/INFO]: Preparing level "world"
[20:58:15] [Server thread/INFO]: Preparing start region for dimension minecraft:overworld
[20:58:16] [Server thread/INFO]: Time elapsed: 294 ms
[20:58:16] [Server thread/INFO]: Preparing start region for dimension minecraft:the_nether
[20:58:16] [Server thread/INFO]: Time elapsed: 141 ms
[20:58:16] [Server thread/INFO]: Preparing start region for dimension minecraft:the_end
[20:58:16] [Server thread/INFO]: Time elapsed: 206 ms
[20:58:16] [Server thread/INFO]: [ViaVersion] Enabling ViaVersion v4.9.3
[20:58:16] [Server thread/INFO]: [ViaVersion] ViaVersion detected server version: 1.17.1 (756)
[20:58:16] [Server thread/INFO]: [ViaBackwards] Enabling ViaBackwards v4.9.2
[20:58:16] [Server thread/INFO]: [ViaRewind-Legacy-Support] Enabling ViaRewind-Legacy-Support v1.4.2
[20:58:17] [Server thread/INFO]: Running delayed init tasks
[20:58:17] [Craft Scheduler Thread - 2 - ViaVersion/INFO]: [ViaVersion] Finished mapping loading, shutting down loader executor!
[20:58:17] [Server thread/INFO]: Done (3.506s)! For help, type "help"
[20:58:17] [Server thread/INFO]: Timings Reset
[20:58:17] [Server thread/WARN]: [ViaVersion] There is a newer plugin version available: 5.2.1, you're on: 4.9.3
[20:58:38] [User Authenticator #1/INFO]: UUID of player ysyyayyyayya is 6cd4e570-7a49-3521-8e89-4b4b5c6269c5
[20:58:38] [Server thread/INFO]: ysyyayyyayya joined the game
[20:58:38] [Server thread/INFO]: ysyyayyyayya[/[0:0:0:0:0:0:0:1]:34410] logged in with entity id 293 at ([world]-102.79613367633196, 71.0, -86.56892860476567)
[20:58:39] [Netty Epoll Server IO #1/WARN]: [ViaBackwards] Ignoring plugin channel in incoming REGISTER: EAG|UpdateCert-1.8
[20:58:39] [Netty Epoll Server IO #1/WARN]: [ViaBackwards] Ignoring plugin channel in incoming REGISTER: FML
[20:58:39] [Netty Epoll Server IO #1/WARN]: [ViaBackwards] Ignoring plugin channel in incoming REGISTER: EAG|Skins-1.8
[20:58:39] [Netty Epoll Server IO #1/WARN]: [ViaBackwards] Ignoring plugin channel in incoming REGISTER: FORGE
[20:58:51] [Server thread/INFO]: ysyyayyyayya lost connection: Disconnected
[20:58:51] [Server thread/INFO]: ysyyayyyayya left the game
[21:03:05] [User Authenticator #2/INFO]: UUID of player ysyyayyyayya is 6cd4e570-7a49-3521-8e89-4b4b5c6269c5
[21:03:05] [Server thread/INFO]: ysyyayyyayya joined the game
[21:03:05] [Server thread/INFO]: ysyyayyyayya[/[0:0:0:0:0:0:0:1]:46500] logged in with entity id 407 at ([world]-99.16876871658305, 72.0, -86.4744988734101)
[21:03:05] [Netty Epoll Server IO #2/WARN]: [ViaBackwards] Ignoring plugin channel in incoming REGISTER: EAG|UpdateCert-1.8
[21:03:05] [Netty Epoll Server IO #2/WARN]: [ViaBackwards] Ignoring plugin channel in incoming REGISTER: FML
[21:03:05] [Netty Epoll Server IO #2/WARN]: [ViaBackwards] Ignoring plugin channel in incoming REGISTER: EAG|Skins-1.8
[21:03:05] [Netty Epoll Server IO #2/WARN]: [ViaBackwards] Ignoring plugin channel in incoming REGISTER: FORGE
[21:03:20] [Server thread/INFO]: ysyyayyyayya lost connection: Disconnected
[21:03:20] [Server thread/INFO]: ysyyayyyayya left the game
